CRITICAL - 2024-12-29 09:23:37 --> Error: Call to undefined method App\Controllers\AuthController::failBadRequest()
[Method: POST, Route: login]
in APPPATH/Controllers/AuthController.php on line 33.
 1 SYSTEMPATH/CodeIgniter.php(933): App\Controllers\AuthController->login()
 2 SYSTEMPATH/CodeIgniter.php(509): CodeIgniter\CodeIgniter->runController(Object(App\Controllers\AuthController))
 3 SYSTEMPATH/CodeIgniter.php(355): CodeIgniter\CodeIgniter->handleRequest(null, Object(Config\Cache), false)
 4 SYSTEMPATH/Boot.php(334): CodeIgniter\CodeIgniter->run()
 5 SYSTEMPATH/Boot.php(67): CodeIgniter\Boot::runCodeIgniter(Object(CodeIgniter\CodeIgniter))
 6 FCPATH/index.php(56): CodeIgniter\Boot::bootWeb(Object(Config\Paths))
 7 SYSTEMPATH/rewrite.php(44): require_once('/Applications/XAMPP/xamppfiles/htdocs/health-app/public/index.php')
CRITICAL - 2024-12-29 09:28:36 --> ErrorException: Undefined variable $username
[Method: POST, Route: login]
in APPPATH/Models/UserModel.php on line 16.
 1 APPPATH/Models/UserModel.php(16): CodeIgniter\Debug\Exceptions->errorHandler(2, 'Undefined variable $username', '/Applications/XAMPP/xamppfiles/htdocs/health-app/app/Models/UserModel.php', 16)
 2 APPPATH/Controllers/AuthController.php(17): App\Models\UserModel->validateUser('alice@example.com', '482c811da5d5b4bc6d497ffa98491e38')
 3 SYSTEMPATH/CodeIgniter.php(933): App\Controllers\AuthController->login()
 4 SYSTEMPATH/CodeIgniter.php(509): CodeIgniter\CodeIgniter->runController(Object(App\Controllers\AuthController))
 5 SYSTEMPATH/CodeIgniter.php(355): CodeIgniter\CodeIgniter->handleRequest(null, Object(Config\Cache), false)
 6 SYSTEMPATH/Boot.php(334): CodeIgniter\CodeIgniter->run()
 7 SYSTEMPATH/Boot.php(67): CodeIgniter\Boot::runCodeIgniter(Object(CodeIgniter\CodeIgniter))
 8 FCPATH/index.php(56): CodeIgniter\Boot::bootWeb(Object(Config\Paths))
 9 SYSTEMPATH/rewrite.php(44): require_once('/Applications/XAMPP/xamppfiles/htdocs/health-app/public/index.php')
CRITICAL - 2024-12-29 09:28:52 --> ErrorException: Undefined variable $username
[Method: POST, Route: login]
in APPPATH/Models/UserModel.php on line 16.
 1 APPPATH/Models/UserModel.php(16): CodeIgniter\Debug\Exceptions->errorHandler(2, 'Undefined variable $username', '/Applications/XAMPP/xamppfiles/htdocs/health-app/app/Models/UserModel.php', 16)
 2 APPPATH/Controllers/AuthController.php(17): App\Models\UserModel->validateUser('alice@example.com', '482c811da5d5b4bc6d497ffa98491e38')
 3 SYSTEMPATH/CodeIgniter.php(933): App\Controllers\AuthController->login()
 4 SYSTEMPATH/CodeIgniter.php(509): CodeIgniter\CodeIgniter->runController(Object(App\Controllers\AuthController))
 5 SYSTEMPATH/CodeIgniter.php(355): CodeIgniter\CodeIgniter->handleRequest(null, Object(Config\Cache), false)
 6 SYSTEMPATH/Boot.php(334): CodeIgniter\CodeIgniter->run()
 7 SYSTEMPATH/Boot.php(67): CodeIgniter\Boot::runCodeIgniter(Object(CodeIgniter\CodeIgniter))
 8 FCPATH/index.php(56): CodeIgniter\Boot::bootWeb(Object(Config\Paths))
 9 SYSTEMPATH/rewrite.php(44): require_once('/Applications/XAMPP/xamppfiles/htdocs/health-app/public/index.php')
ERROR - 2024-12-29 09:29:44 --> mysqli_sql_exception: Duplicate entry 'alice@example.com' for key 'email' in /Applications/XAMPP/xamppfiles/htdocs/health-app/system/Database/MySQLi/Connection.php:312
Stack trace:
#0 /Applications/XAMPP/xamppfiles/htdocs/health-app/system/Database/MySQLi/Connection.php(312): mysqli->query('INSERT INTO `us...', 0)
#1 /Applications/XAMPP/xamppfiles/htdocs/health-app/system/Database/BaseConnection.php(734): CodeIgniter\Database\MySQLi\Connection->execute('INSERT INTO `us...')
#2 /Applications/XAMPP/xamppfiles/htdocs/health-app/system/Database/BaseConnection.php(648): CodeIgniter\Database\BaseConnection->simpleQuery('INSERT INTO `us...')
#3 /Applications/XAMPP/xamppfiles/htdocs/health-app/system/Database/BaseBuilder.php(2340): CodeIgniter\Database\BaseConnection->query('INSERT INTO `us...', Array, false)
#4 /Applications/XAMPP/xamppfiles/htdocs/health-app/system/Model.php(394): CodeIgniter\Database\BaseBuilder->insert()
#5 /Applications/XAMPP/xamppfiles/htdocs/health-app/system/BaseModel.php(839): CodeIgniter\Model->doInsert(Array)
#6 /Applications/XAMPP/xamppfiles/htdocs/health-app/system/Model.php(800): CodeIgniter\BaseModel->insert(Array, true)
#7 /Applications/XAMPP/xamppfiles/htdocs/health-app/app/Models/UserModel.php(34): CodeIgniter\Model->insert(Array)
#8 /Applications/XAMPP/xamppfiles/htdocs/health-app/app/Controllers/AuthController.php(45): App\Models\UserModel->insertUser(Array)
#9 /Applications/XAMPP/xamppfiles/htdocs/health-app/system/CodeIgniter.php(933): App\Controllers\AuthController->register()
#10 /Applications/XAMPP/xamppfiles/htdocs/health-app/system/CodeIgniter.php(509): CodeIgniter\CodeIgniter->runController(Object(App\Controllers\AuthController))
#11 /Applications/XAMPP/xamppfiles/htdocs/health-app/system/CodeIgniter.php(355): CodeIgniter\CodeIgniter->handleRequest(NULL, Object(Config\Cache), false)
#12 /Applications/XAMPP/xamppfiles/htdocs/health-app/system/Boot.php(334): CodeIgniter\CodeIgniter->run()
#13 /Applications/XAMPP/xamppfiles/htdocs/health-app/system/Boot.php(67): CodeIgniter\Boot::runCodeIgniter(Object(CodeIgniter\CodeIgniter))
#14 /Applications/XAMPP/xamppfiles/htdocs/health-app/public/index.php(56): CodeIgniter\Boot::bootWeb(Object(Config\Paths))
#15 /Applications/XAMPP/xamppfiles/htdocs/health-app/system/rewrite.php(44): require_once('/Applications/X...')
#16 {main}
CRITICAL - 2024-12-29 09:29:44 --> CodeIgniter\Database\Exceptions\DatabaseException: Duplicate entry 'alice@example.com' for key 'email'
[Method: POST, Route: register]
in SYSTEMPATH/Database/BaseConnection.php on line 688.
 1 SYSTEMPATH/Database/BaseBuilder.php(2340): CodeIgniter\Database\BaseConnection->query('INSERT INTO `users` (`name`, `email`, `password`, `role`) VALUES (:name:, :email:, :password:, :role:)', [...], false)
 2 SYSTEMPATH/Model.php(394): CodeIgniter\Database\BaseBuilder->insert()
 3 SYSTEMPATH/BaseModel.php(839): CodeIgniter\Model->doInsert([...])
 4 SYSTEMPATH/Model.php(800): CodeIgniter\BaseModel->insert([...], true)
 5 APPPATH/Models/UserModel.php(34): CodeIgniter\Model->insert([...])
 6 APPPATH/Controllers/AuthController.php(45): App\Models\UserModel->insertUser([...])
 7 SYSTEMPATH/CodeIgniter.php(933): App\Controllers\AuthController->register()
 8 SYSTEMPATH/CodeIgniter.php(509): CodeIgniter\CodeIgniter->runController(Object(App\Controllers\AuthController))
 9 SYSTEMPATH/CodeIgniter.php(355): CodeIgniter\CodeIgniter->handleRequest(null, Object(Config\Cache), false)
10 SYSTEMPATH/Boot.php(334): CodeIgniter\CodeIgniter->run()
11 SYSTEMPATH/Boot.php(67): CodeIgniter\Boot::runCodeIgniter(Object(CodeIgniter\CodeIgniter))
12 FCPATH/index.php(56): CodeIgniter\Boot::bootWeb(Object(Config\Paths))
13 SYSTEMPATH/rewrite.php(44): require_once('/Applications/XAMPP/xamppfiles/htdocs/health-app/public/index.php')
CRITICAL - 2024-12-29 09:29:44 --> [Caused by] CodeIgniter\Database\Exceptions\DatabaseException: Duplicate entry 'alice@example.com' for key 'email'
in SYSTEMPATH/Database/MySQLi/Connection.php on line 317.
 1 SYSTEMPATH/Database/BaseConnection.php(734): CodeIgniter\Database\MySQLi\Connection->execute('INSERT INTO `users` (`name`, `email`, `password`, `role`) VALUES (\'farah\', \'alice@example.com\', \'482c811da5d5b4bc6d497ffa98491e38\', \'user\')')
 2 SYSTEMPATH/Database/BaseConnection.php(648): CodeIgniter\Database\BaseConnection->simpleQuery('INSERT INTO `users` (`name`, `email`, `password`, `role`) VALUES (\'farah\', \'alice@example.com\', \'482c811da5d5b4bc6d497ffa98491e38\', \'user\')')
 3 SYSTEMPATH/Database/BaseBuilder.php(2340): CodeIgniter\Database\BaseConnection->query('INSERT INTO `users` (`name`, `email`, `password`, `role`) VALUES (:name:, :email:, :password:, :role:)', [...], false)
 4 SYSTEMPATH/Model.php(394): CodeIgniter\Database\BaseBuilder->insert()
 5 SYSTEMPATH/BaseModel.php(839): CodeIgniter\Model->doInsert([...])
 6 SYSTEMPATH/Model.php(800): CodeIgniter\BaseModel->insert([...], true)
 7 APPPATH/Models/UserModel.php(34): CodeIgniter\Model->insert([...])
 8 APPPATH/Controllers/AuthController.php(45): App\Models\UserModel->insertUser([...])
 9 SYSTEMPATH/CodeIgniter.php(933): App\Controllers\AuthController->register()
10 SYSTEMPATH/CodeIgniter.php(509): CodeIgniter\CodeIgniter->runController(Object(App\Controllers\AuthController))
11 SYSTEMPATH/CodeIgniter.php(355): CodeIgniter\CodeIgniter->handleRequest(null, Object(Config\Cache), false)
12 SYSTEMPATH/Boot.php(334): CodeIgniter\CodeIgniter->run()
13 SYSTEMPATH/Boot.php(67): CodeIgniter\Boot::runCodeIgniter(Object(CodeIgniter\CodeIgniter))
14 FCPATH/index.php(56): CodeIgniter\Boot::bootWeb(Object(Config\Paths))
15 SYSTEMPATH/rewrite.php(44): require_once('/Applications/XAMPP/xamppfiles/htdocs/health-app/public/index.php')
CRITICAL - 2024-12-29 09:29:44 --> [Caused by] mysqli_sql_exception: Duplicate entry 'alice@example.com' for key 'email'
in SYSTEMPATH/Database/MySQLi/Connection.php on line 312.
 1 SYSTEMPATH/Database/MySQLi/Connection.php(312): mysqli->query('INSERT INTO `users` (`name`, `email`, `password`, `role`) VALUES (\'farah\', \'alice@example.com\', \'482c811da5d5b4bc6d497ffa98491e38\', \'user\')', 0)
 2 SYSTEMPATH/Database/BaseConnection.php(734): CodeIgniter\Database\MySQLi\Connection->execute('INSERT INTO `users` (`name`, `email`, `password`, `role`) VALUES (\'farah\', \'alice@example.com\', \'482c811da5d5b4bc6d497ffa98491e38\', \'user\')')
 3 SYSTEMPATH/Database/BaseConnection.php(648): CodeIgniter\Database\BaseConnection->simpleQuery('INSERT INTO `users` (`name`, `email`, `password`, `role`) VALUES (\'farah\', \'alice@example.com\', \'482c811da5d5b4bc6d497ffa98491e38\', \'user\')')
 4 SYSTEMPATH/Database/BaseBuilder.php(2340): CodeIgniter\Database\BaseConnection->query('INSERT INTO `users` (`name`, `email`, `password`, `role`) VALUES (:name:, :email:, :password:, :role:)', [...], false)
 5 SYSTEMPATH/Model.php(394): CodeIgniter\Database\BaseBuilder->insert()
 6 SYSTEMPATH/BaseModel.php(839): CodeIgniter\Model->doInsert([...])
 7 SYSTEMPATH/Model.php(800): CodeIgniter\BaseModel->insert([...], true)
 8 APPPATH/Models/UserModel.php(34): CodeIgniter\Model->insert([...])
 9 APPPATH/Controllers/AuthController.php(45): App\Models\UserModel->insertUser([...])
10 SYSTEMPATH/CodeIgniter.php(933): App\Controllers\AuthController->register()
11 SYSTEMPATH/CodeIgniter.php(509): CodeIgniter\CodeIgniter->runController(Object(App\Controllers\AuthController))
12 SYSTEMPATH/CodeIgniter.php(355): CodeIgniter\CodeIgniter->handleRequest(null, Object(Config\Cache), false)
13 SYSTEMPATH/Boot.php(334): CodeIgniter\CodeIgniter->run()
14 SYSTEMPATH/Boot.php(67): CodeIgniter\Boot::runCodeIgniter(Object(CodeIgniter\CodeIgniter))
15 FCPATH/index.php(56): CodeIgniter\Boot::bootWeb(Object(Config\Paths))
16 SYSTEMPATH/rewrite.php(44): require_once('/Applications/XAMPP/xamppfiles/htdocs/health-app/public/index.php')
CRITICAL - 2024-12-29 09:30:42 --> ErrorException: Undefined variable $username
[Method: POST, Route: login]
in APPPATH/Models/UserModel.php on line 16.
 1 APPPATH/Models/UserModel.php(16): CodeIgniter\Debug\Exceptions->errorHandler(2, 'Undefined variable $username', '/Applications/XAMPP/xamppfiles/htdocs/health-app/app/Models/UserModel.php', 16)
 2 APPPATH/Controllers/AuthController.php(17): App\Models\UserModel->validateUser('farah@example.com', '482c811da5d5b4bc6d497ffa98491e38')
 3 SYSTEMPATH/CodeIgniter.php(933): App\Controllers\AuthController->login()
 4 SYSTEMPATH/CodeIgniter.php(509): CodeIgniter\CodeIgniter->runController(Object(App\Controllers\AuthController))
 5 SYSTEMPATH/CodeIgniter.php(355): CodeIgniter\CodeIgniter->handleRequest(null, Object(Config\Cache), false)
 6 SYSTEMPATH/Boot.php(334): CodeIgniter\CodeIgniter->run()
 7 SYSTEMPATH/Boot.php(67): CodeIgniter\Boot::runCodeIgniter(Object(CodeIgniter\CodeIgniter))
 8 FCPATH/index.php(56): CodeIgniter\Boot::bootWeb(Object(Config\Paths))
 9 SYSTEMPATH/rewrite.php(44): require_once('/Applications/XAMPP/xamppfiles/htdocs/health-app/public/index.php')
CRITICAL - 2024-12-29 09:31:00 --> Error: Call to undefined method Firebase\JWT\Key::loadFromAsciiSafeString()
[Method: POST, Route: login]
in APPPATH/Controllers/AuthController.php on line 19.
 1 SYSTEMPATH/CodeIgniter.php(933): App\Controllers\AuthController->login()
 2 SYSTEMPATH/CodeIgniter.php(509): CodeIgniter\CodeIgniter->runController(Object(App\Controllers\AuthController))
 3 SYSTEMPATH/CodeIgniter.php(355): CodeIgniter\CodeIgniter->handleRequest(null, Object(Config\Cache), false)
 4 SYSTEMPATH/Boot.php(334): CodeIgniter\CodeIgniter->run()
 5 SYSTEMPATH/Boot.php(67): CodeIgniter\Boot::runCodeIgniter(Object(CodeIgniter\CodeIgniter))
 6 FCPATH/index.php(56): CodeIgniter\Boot::bootWeb(Object(Config\Paths))
 7 SYSTEMPATH/rewrite.php(44): require_once('/Applications/XAMPP/xamppfiles/htdocs/health-app/public/index.php')
CRITICAL - 2024-12-29 09:34:05 --> Error: Call to undefined method Firebase\JWT\Key::loadFromAsciiSafeString()
[Method: POST, Route: login]
in APPPATH/Controllers/AuthController.php on line 19.
 1 SYSTEMPATH/CodeIgniter.php(933): App\Controllers\AuthController->login()
 2 SYSTEMPATH/CodeIgniter.php(509): CodeIgniter\CodeIgniter->runController(Object(App\Controllers\AuthController))
 3 SYSTEMPATH/CodeIgniter.php(355): CodeIgniter\CodeIgniter->handleRequest(null, Object(Config\Cache), false)
 4 SYSTEMPATH/Boot.php(334): CodeIgniter\CodeIgniter->run()
 5 SYSTEMPATH/Boot.php(67): CodeIgniter\Boot::runCodeIgniter(Object(CodeIgniter\CodeIgniter))
 6 FCPATH/index.php(56): CodeIgniter\Boot::bootWeb(Object(Config\Paths))
 7 SYSTEMPATH/rewrite.php(44): require_once('/Applications/XAMPP/xamppfiles/htdocs/health-app/public/index.php')
CRITICAL - 2024-12-29 09:38:06 --> ErrorException: Undefined array key "id"
[Method: POST, Route: login]
in APPPATH/Controllers/AuthController.php on line 30.
 1 APPPATH/Controllers/AuthController.php(30): CodeIgniter\Debug\Exceptions->errorHandler(2, 'Undefined array key "id"', '/Applications/XAMPP/xamppfiles/htdocs/health-app/app/Controllers/AuthController.php', 30)
 2 SYSTEMPATH/CodeIgniter.php(933): App\Controllers\AuthController->login()
 3 SYSTEMPATH/CodeIgniter.php(509): CodeIgniter\CodeIgniter->runController(Object(App\Controllers\AuthController))
 4 SYSTEMPATH/CodeIgniter.php(355): CodeIgniter\CodeIgniter->handleRequest(null, Object(Config\Cache), false)
 5 SYSTEMPATH/Boot.php(334): CodeIgniter\CodeIgniter->run()
 6 SYSTEMPATH/Boot.php(67): CodeIgniter\Boot::runCodeIgniter(Object(CodeIgniter\CodeIgniter))
 7 FCPATH/index.php(56): CodeIgniter\Boot::bootWeb(Object(Config\Paths))
 8 SYSTEMPATH/rewrite.php(44): require_once('/Applications/XAMPP/xamppfiles/htdocs/health-app/public/index.php')
CRITICAL - 2024-12-29 10:24:16 --> CodeIgniter\HTTP\Exceptions\BadRequestException: The URI you submitted has disallowed characters: "{1}"
[Method: GET, Route: products/%7B1%7D]
in SYSTEMPATH/Router/Router.php on line 737.
 1 SYSTEMPATH/Router/Router.php(204): CodeIgniter\Router\Router->checkDisallowedChars('products/{1}')
 2 SYSTEMPATH/CodeIgniter.php(834): CodeIgniter\Router\Router->handle('products/{1}')
 3 SYSTEMPATH/CodeIgniter.php(457): CodeIgniter\CodeIgniter->tryToRouteIt(Object(CodeIgniter\Router\RouteCollection))
 4 SYSTEMPATH/CodeIgniter.php(355): CodeIgniter\CodeIgniter->handleRequest(null, Object(Config\Cache), false)
 5 SYSTEMPATH/Boot.php(334): CodeIgniter\CodeIgniter->run()
 6 SYSTEMPATH/Boot.php(67): CodeIgniter\Boot::runCodeIgniter(Object(CodeIgniter\CodeIgniter))
 7 FCPATH/index.php(56): CodeIgniter\Boot::bootWeb(Object(Config\Paths))
 8 SYSTEMPATH/rewrite.php(44): require_once('/Applications/XAMPP/xamppfiles/htdocs/health-app/public/index.php')
CRITICAL - 2024-12-29 11:05:44 --> Error: Class "App\Controllers\ProductModel" not found
[Method: POST, Route: orders]
in APPPATH/Controllers/OrderController.php on line 42.
 1 SYSTEMPATH/CodeIgniter.php(933): App\Controllers\OrderController->create()
 2 SYSTEMPATH/CodeIgniter.php(509): CodeIgniter\CodeIgniter->runController(Object(App\Controllers\OrderController))
 3 SYSTEMPATH/CodeIgniter.php(355): CodeIgniter\CodeIgniter->handleRequest(null, Object(Config\Cache), false)
 4 SYSTEMPATH/Boot.php(334): CodeIgniter\CodeIgniter->run()
 5 SYSTEMPATH/Boot.php(67): CodeIgniter\Boot::runCodeIgniter(Object(CodeIgniter\CodeIgniter))
 6 FCPATH/index.php(56): CodeIgniter\Boot::bootWeb(Object(Config\Paths))
 7 SYSTEMPATH/rewrite.php(44): require_once('/Applications/XAMPP/xamppfiles/htdocs/health-app/public/index.php')
CRITICAL - 2024-12-29 11:06:01 --> ErrorException: foreach() argument must be of type array|object, null given
[Method: POST, Route: orders]
in APPPATH/Controllers/OrderController.php on line 46.
 1 APPPATH/Controllers/OrderController.php(46): CodeIgniter\Debug\Exceptions->errorHandler(2, 'foreach() argument must be of type array|object, null given', '/Applications/XAMPP/xamppfiles/htdocs/health-app/app/Controllers/OrderController.php', 46)
 2 SYSTEMPATH/CodeIgniter.php(933): App\Controllers\OrderController->create()
 3 SYSTEMPATH/CodeIgniter.php(509): CodeIgniter\CodeIgniter->runController(Object(App\Controllers\OrderController))
 4 SYSTEMPATH/CodeIgniter.php(355): CodeIgniter\CodeIgniter->handleRequest(null, Object(Config\Cache), false)
 5 SYSTEMPATH/Boot.php(334): CodeIgniter\CodeIgniter->run()
 6 SYSTEMPATH/Boot.php(67): CodeIgniter\Boot::runCodeIgniter(Object(CodeIgniter\CodeIgniter))
 7 FCPATH/index.php(56): CodeIgniter\Boot::bootWeb(Object(Config\Paths))
 8 SYSTEMPATH/rewrite.php(44): require_once('/Applications/XAMPP/xamppfiles/htdocs/health-app/public/index.php')
CRITICAL - 2024-12-29 11:07:01 --> ErrorException: foreach() argument must be of type array|object, null given
[Method: POST, Route: orders]
in APPPATH/Controllers/OrderController.php on line 46.
 1 APPPATH/Controllers/OrderController.php(46): CodeIgniter\Debug\Exceptions->errorHandler(2, 'foreach() argument must be of type array|object, null given', '/Applications/XAMPP/xamppfiles/htdocs/health-app/app/Controllers/OrderController.php', 46)
 2 SYSTEMPATH/CodeIgniter.php(933): App\Controllers\OrderController->create()
 3 SYSTEMPATH/CodeIgniter.php(509): CodeIgniter\CodeIgniter->runController(Object(App\Controllers\OrderController))
 4 SYSTEMPATH/CodeIgniter.php(355): CodeIgniter\CodeIgniter->handleRequest(null, Object(Config\Cache), false)
 5 SYSTEMPATH/Boot.php(334): CodeIgniter\CodeIgniter->run()
 6 SYSTEMPATH/Boot.php(67): CodeIgniter\Boot::runCodeIgniter(Object(CodeIgniter\CodeIgniter))
 7 FCPATH/index.php(56): CodeIgniter\Boot::bootWeb(Object(Config\Paths))
 8 SYSTEMPATH/rewrite.php(44): require_once('/Applications/XAMPP/xamppfiles/htdocs/health-app/public/index.php')
ERROR - 2024-12-29 11:07:40 --> mysqli_sql_exception: Column 'user_id' cannot be null in /Applications/XAMPP/xamppfiles/htdocs/health-app/system/Database/MySQLi/Connection.php:312
Stack trace:
#0 /Applications/XAMPP/xamppfiles/htdocs/health-app/system/Database/MySQLi/Connection.php(312): mysqli->query('INSERT INTO `or...', 0)
#1 /Applications/XAMPP/xamppfiles/htdocs/health-app/system/Database/BaseConnection.php(734): CodeIgniter\Database\MySQLi\Connection->execute('INSERT INTO `or...')
#2 /Applications/XAMPP/xamppfiles/htdocs/health-app/system/Database/BaseConnection.php(648): CodeIgniter\Database\BaseConnection->simpleQuery('INSERT INTO `or...')
#3 /Applications/XAMPP/xamppfiles/htdocs/health-app/system/Database/BaseBuilder.php(2340): CodeIgniter\Database\BaseConnection->query('INSERT INTO `or...', Array, false)
#4 /Applications/XAMPP/xamppfiles/htdocs/health-app/system/Model.php(394): CodeIgniter\Database\BaseBuilder->insert()
#5 /Applications/XAMPP/xamppfiles/htdocs/health-app/system/BaseModel.php(839): CodeIgniter\Model->doInsert(Array)
#6 /Applications/XAMPP/xamppfiles/htdocs/health-app/system/Model.php(800): CodeIgniter\BaseModel->insert(Array, true)
#7 /Applications/XAMPP/xamppfiles/htdocs/health-app/app/Controllers/OrderController.php(73): CodeIgniter\Model->insert(Array)
#8 /Applications/XAMPP/xamppfiles/htdocs/health-app/system/CodeIgniter.php(933): App\Controllers\OrderController->create()
#9 /Applications/XAMPP/xamppfiles/htdocs/health-app/system/CodeIgniter.php(509): CodeIgniter\CodeIgniter->runController(Object(App\Controllers\OrderController))
#10 /Applications/XAMPP/xamppfiles/htdocs/health-app/system/CodeIgniter.php(355): CodeIgniter\CodeIgniter->handleRequest(NULL, Object(Config\Cache), false)
#11 /Applications/XAMPP/xamppfiles/htdocs/health-app/system/Boot.php(334): CodeIgniter\CodeIgniter->run()
#12 /Applications/XAMPP/xamppfiles/htdocs/health-app/system/Boot.php(67): CodeIgniter\Boot::runCodeIgniter(Object(CodeIgniter\CodeIgniter))
#13 /Applications/XAMPP/xamppfiles/htdocs/health-app/public/index.php(56): CodeIgniter\Boot::bootWeb(Object(Config\Paths))
#14 /Applications/XAMPP/xamppfiles/htdocs/health-app/system/rewrite.php(44): require_once('/Applications/X...')
#15 {main}
CRITICAL - 2024-12-29 11:07:40 --> CodeIgniter\Database\Exceptions\DatabaseException: Column 'user_id' cannot be null
[Method: POST, Route: orders]
in SYSTEMPATH/Database/BaseConnection.php on line 688.
 1 SYSTEMPATH/Database/BaseBuilder.php(2340): CodeIgniter\Database\BaseConnection->query('INSERT INTO `orders` (`user_id`, `total_price`, `status`, `shipping_address`) VALUES (:user_id:, :total_price:, :status:, :shipping_address:)', [...], false)
 2 SYSTEMPATH/Model.php(394): CodeIgniter\Database\BaseBuilder->insert()
 3 SYSTEMPATH/BaseModel.php(839): CodeIgniter\Model->doInsert([...])
 4 SYSTEMPATH/Model.php(800): CodeIgniter\BaseModel->insert([...], true)
 5 APPPATH/Controllers/OrderController.php(73): CodeIgniter\Model->insert([...])
 6 SYSTEMPATH/CodeIgniter.php(933): App\Controllers\OrderController->create()
 7 SYSTEMPATH/CodeIgniter.php(509): CodeIgniter\CodeIgniter->runController(Object(App\Controllers\OrderController))
 8 SYSTEMPATH/CodeIgniter.php(355): CodeIgniter\CodeIgniter->handleRequest(null, Object(Config\Cache), false)
 9 SYSTEMPATH/Boot.php(334): CodeIgniter\CodeIgniter->run()
10 SYSTEMPATH/Boot.php(67): CodeIgniter\Boot::runCodeIgniter(Object(CodeIgniter\CodeIgniter))
11 FCPATH/index.php(56): CodeIgniter\Boot::bootWeb(Object(Config\Paths))
12 SYSTEMPATH/rewrite.php(44): require_once('/Applications/XAMPP/xamppfiles/htdocs/health-app/public/index.php')
CRITICAL - 2024-12-29 11:07:40 --> [Caused by] CodeIgniter\Database\Exceptions\DatabaseException: Column 'user_id' cannot be null
in SYSTEMPATH/Database/MySQLi/Connection.php on line 317.
 1 SYSTEMPATH/Database/BaseConnection.php(734): CodeIgniter\Database\MySQLi\Connection->execute('INSERT INTO `orders` (`user_id`, `total_price`, `status`, `shipping_address`) VALUES (NULL, 0, \'pending\', NULL)')
 2 SYSTEMPATH/Database/BaseConnection.php(648): CodeIgniter\Database\BaseConnection->simpleQuery('INSERT INTO `orders` (`user_id`, `total_price`, `status`, `shipping_address`) VALUES (NULL, 0, \'pending\', NULL)')
 3 SYSTEMPATH/Database/BaseBuilder.php(2340): CodeIgniter\Database\BaseConnection->query('INSERT INTO `orders` (`user_id`, `total_price`, `status`, `shipping_address`) VALUES (:user_id:, :total_price:, :status:, :shipping_address:)', [...], false)
 4 SYSTEMPATH/Model.php(394): CodeIgniter\Database\BaseBuilder->insert()
 5 SYSTEMPATH/BaseModel.php(839): CodeIgniter\Model->doInsert([...])
 6 SYSTEMPATH/Model.php(800): CodeIgniter\BaseModel->insert([...], true)
 7 APPPATH/Controllers/OrderController.php(73): CodeIgniter\Model->insert([...])
 8 SYSTEMPATH/CodeIgniter.php(933): App\Controllers\OrderController->create()
 9 SYSTEMPATH/CodeIgniter.php(509): CodeIgniter\CodeIgniter->runController(Object(App\Controllers\OrderController))
10 SYSTEMPATH/CodeIgniter.php(355): CodeIgniter\CodeIgniter->handleRequest(null, Object(Config\Cache), false)
11 SYSTEMPATH/Boot.php(334): CodeIgniter\CodeIgniter->run()
12 SYSTEMPATH/Boot.php(67): CodeIgniter\Boot::runCodeIgniter(Object(CodeIgniter\CodeIgniter))
13 FCPATH/index.php(56): CodeIgniter\Boot::bootWeb(Object(Config\Paths))
14 SYSTEMPATH/rewrite.php(44): require_once('/Applications/XAMPP/xamppfiles/htdocs/health-app/public/index.php')
CRITICAL - 2024-12-29 11:07:40 --> [Caused by] mysqli_sql_exception: Column 'user_id' cannot be null
in SYSTEMPATH/Database/MySQLi/Connection.php on line 312.
 1 SYSTEMPATH/Database/MySQLi/Connection.php(312): mysqli->query('INSERT INTO `orders` (`user_id`, `total_price`, `status`, `shipping_address`) VALUES (NULL, 0, \'pending\', NULL)', 0)
 2 SYSTEMPATH/Database/BaseConnection.php(734): CodeIgniter\Database\MySQLi\Connection->execute('INSERT INTO `orders` (`user_id`, `total_price`, `status`, `shipping_address`) VALUES (NULL, 0, \'pending\', NULL)')
 3 SYSTEMPATH/Database/BaseConnection.php(648): CodeIgniter\Database\BaseConnection->simpleQuery('INSERT INTO `orders` (`user_id`, `total_price`, `status`, `shipping_address`) VALUES (NULL, 0, \'pending\', NULL)')
 4 SYSTEMPATH/Database/BaseBuilder.php(2340): CodeIgniter\Database\BaseConnection->query('INSERT INTO `orders` (`user_id`, `total_price`, `status`, `shipping_address`) VALUES (:user_id:, :total_price:, :status:, :shipping_address:)', [...], false)
 5 SYSTEMPATH/Model.php(394): CodeIgniter\Database\BaseBuilder->insert()
 6 SYSTEMPATH/BaseModel.php(839): CodeIgniter\Model->doInsert([...])
 7 SYSTEMPATH/Model.php(800): CodeIgniter\BaseModel->insert([...], true)
 8 APPPATH/Controllers/OrderController.php(73): CodeIgniter\Model->insert([...])
 9 SYSTEMPATH/CodeIgniter.php(933): App\Controllers\OrderController->create()
10 SYSTEMPATH/CodeIgniter.php(509): CodeIgniter\CodeIgniter->runController(Object(App\Controllers\OrderController))
11 SYSTEMPATH/CodeIgniter.php(355): CodeIgniter\CodeIgniter->handleRequest(null, Object(Config\Cache), false)
12 SYSTEMPATH/Boot.php(334): CodeIgniter\CodeIgniter->run()
13 SYSTEMPATH/Boot.php(67): CodeIgniter\Boot::runCodeIgniter(Object(CodeIgniter\CodeIgniter))
14 FCPATH/index.php(56): CodeIgniter\Boot::bootWeb(Object(Config\Paths))
15 SYSTEMPATH/rewrite.php(44): require_once('/Applications/XAMPP/xamppfiles/htdocs/health-app/public/index.php')
ERROR - 2024-12-29 11:08:39 --> mysqli_sql_exception: Column 'user_id' cannot be null in /Applications/XAMPP/xamppfiles/htdocs/health-app/system/Database/MySQLi/Connection.php:312
Stack trace:
#0 /Applications/XAMPP/xamppfiles/htdocs/health-app/system/Database/MySQLi/Connection.php(312): mysqli->query('INSERT INTO `or...', 0)
#1 /Applications/XAMPP/xamppfiles/htdocs/health-app/system/Database/BaseConnection.php(734): CodeIgniter\Database\MySQLi\Connection->execute('INSERT INTO `or...')
#2 /Applications/XAMPP/xamppfiles/htdocs/health-app/system/Database/BaseConnection.php(648): CodeIgniter\Database\BaseConnection->simpleQuery('INSERT INTO `or...')
#3 /Applications/XAMPP/xamppfiles/htdocs/health-app/system/Database/BaseBuilder.php(2340): CodeIgniter\Database\BaseConnection->query('INSERT INTO `or...', Array, false)
#4 /Applications/XAMPP/xamppfiles/htdocs/health-app/system/Model.php(394): CodeIgniter\Database\BaseBuilder->insert()
#5 /Applications/XAMPP/xamppfiles/htdocs/health-app/system/BaseModel.php(839): CodeIgniter\Model->doInsert(Array)
#6 /Applications/XAMPP/xamppfiles/htdocs/health-app/system/Model.php(800): CodeIgniter\BaseModel->insert(Array, true)
#7 /Applications/XAMPP/xamppfiles/htdocs/health-app/app/Controllers/OrderController.php(73): CodeIgniter\Model->insert(Array)
#8 /Applications/XAMPP/xamppfiles/htdocs/health-app/system/CodeIgniter.php(933): App\Controllers\OrderController->create()
#9 /Applications/XAMPP/xamppfiles/htdocs/health-app/system/CodeIgniter.php(509): CodeIgniter\CodeIgniter->runController(Object(App\Controllers\OrderController))
#10 /Applications/XAMPP/xamppfiles/htdocs/health-app/system/CodeIgniter.php(355): CodeIgniter\CodeIgniter->handleRequest(NULL, Object(Config\Cache), false)
#11 /Applications/XAMPP/xamppfiles/htdocs/health-app/system/Boot.php(334): CodeIgniter\CodeIgniter->run()
#12 /Applications/XAMPP/xamppfiles/htdocs/health-app/system/Boot.php(67): CodeIgniter\Boot::runCodeIgniter(Object(CodeIgniter\CodeIgniter))
#13 /Applications/XAMPP/xamppfiles/htdocs/health-app/public/index.php(56): CodeIgniter\Boot::bootWeb(Object(Config\Paths))
#14 /Applications/XAMPP/xamppfiles/htdocs/health-app/system/rewrite.php(44): require_once('/Applications/X...')
#15 {main}
CRITICAL - 2024-12-29 11:08:39 --> CodeIgniter\Database\Exceptions\DatabaseException: Column 'user_id' cannot be null
[Method: POST, Route: orders]
in SYSTEMPATH/Database/BaseConnection.php on line 688.
 1 SYSTEMPATH/Database/BaseBuilder.php(2340): CodeIgniter\Database\BaseConnection->query('INSERT INTO `orders` (`user_id`, `total_price`, `status`, `shipping_address`) VALUES (:user_id:, :total_price:, :status:, :shipping_address:)', [...], false)
 2 SYSTEMPATH/Model.php(394): CodeIgniter\Database\BaseBuilder->insert()
 3 SYSTEMPATH/BaseModel.php(839): CodeIgniter\Model->doInsert([...])
 4 SYSTEMPATH/Model.php(800): CodeIgniter\BaseModel->insert([...], true)
 5 APPPATH/Controllers/OrderController.php(73): CodeIgniter\Model->insert([...])
 6 SYSTEMPATH/CodeIgniter.php(933): App\Controllers\OrderController->create()
 7 SYSTEMPATH/CodeIgniter.php(509): CodeIgniter\CodeIgniter->runController(Object(App\Controllers\OrderController))
 8 SYSTEMPATH/CodeIgniter.php(355): CodeIgniter\CodeIgniter->handleRequest(null, Object(Config\Cache), false)
 9 SYSTEMPATH/Boot.php(334): CodeIgniter\CodeIgniter->run()
10 SYSTEMPATH/Boot.php(67): CodeIgniter\Boot::runCodeIgniter(Object(CodeIgniter\CodeIgniter))
11 FCPATH/index.php(56): CodeIgniter\Boot::bootWeb(Object(Config\Paths))
12 SYSTEMPATH/rewrite.php(44): require_once('/Applications/XAMPP/xamppfiles/htdocs/health-app/public/index.php')
CRITICAL - 2024-12-29 11:08:39 --> [Caused by] CodeIgniter\Database\Exceptions\DatabaseException: Column 'user_id' cannot be null
in SYSTEMPATH/Database/MySQLi/Connection.php on line 317.
 1 SYSTEMPATH/Database/BaseConnection.php(734): CodeIgniter\Database\MySQLi\Connection->execute('INSERT INTO `orders` (`user_id`, `total_price`, `status`, `shipping_address`) VALUES (NULL, 0, \'pending\', NULL)')
 2 SYSTEMPATH/Database/BaseConnection.php(648): CodeIgniter\Database\BaseConnection->simpleQuery('INSERT INTO `orders` (`user_id`, `total_price`, `status`, `shipping_address`) VALUES (NULL, 0, \'pending\', NULL)')
 3 SYSTEMPATH/Database/BaseBuilder.php(2340): CodeIgniter\Database\BaseConnection->query('INSERT INTO `orders` (`user_id`, `total_price`, `status`, `shipping_address`) VALUES (:user_id:, :total_price:, :status:, :shipping_address:)', [...], false)
 4 SYSTEMPATH/Model.php(394): CodeIgniter\Database\BaseBuilder->insert()
 5 SYSTEMPATH/BaseModel.php(839): CodeIgniter\Model->doInsert([...])
 6 SYSTEMPATH/Model.php(800): CodeIgniter\BaseModel->insert([...], true)
 7 APPPATH/Controllers/OrderController.php(73): CodeIgniter\Model->insert([...])
 8 SYSTEMPATH/CodeIgniter.php(933): App\Controllers\OrderController->create()
 9 SYSTEMPATH/CodeIgniter.php(509): CodeIgniter\CodeIgniter->runController(Object(App\Controllers\OrderController))
10 SYSTEMPATH/CodeIgniter.php(355): CodeIgniter\CodeIgniter->handleRequest(null, Object(Config\Cache), false)
11 SYSTEMPATH/Boot.php(334): CodeIgniter\CodeIgniter->run()
12 SYSTEMPATH/Boot.php(67): CodeIgniter\Boot::runCodeIgniter(Object(CodeIgniter\CodeIgniter))
13 FCPATH/index.php(56): CodeIgniter\Boot::bootWeb(Object(Config\Paths))
14 SYSTEMPATH/rewrite.php(44): require_once('/Applications/XAMPP/xamppfiles/htdocs/health-app/public/index.php')
CRITICAL - 2024-12-29 11:08:39 --> [Caused by] mysqli_sql_exception: Column 'user_id' cannot be null
in SYSTEMPATH/Database/MySQLi/Connection.php on line 312.
 1 SYSTEMPATH/Database/MySQLi/Connection.php(312): mysqli->query('INSERT INTO `orders` (`user_id`, `total_price`, `status`, `shipping_address`) VALUES (NULL, 0, \'pending\', NULL)', 0)
 2 SYSTEMPATH/Database/BaseConnection.php(734): CodeIgniter\Database\MySQLi\Connection->execute('INSERT INTO `orders` (`user_id`, `total_price`, `status`, `shipping_address`) VALUES (NULL, 0, \'pending\', NULL)')
 3 SYSTEMPATH/Database/BaseConnection.php(648): CodeIgniter\Database\BaseConnection->simpleQuery('INSERT INTO `orders` (`user_id`, `total_price`, `status`, `shipping_address`) VALUES (NULL, 0, \'pending\', NULL)')
 4 SYSTEMPATH/Database/BaseBuilder.php(2340): CodeIgniter\Database\BaseConnection->query('INSERT INTO `orders` (`user_id`, `total_price`, `status`, `shipping_address`) VALUES (:user_id:, :total_price:, :status:, :shipping_address:)', [...], false)
 5 SYSTEMPATH/Model.php(394): CodeIgniter\Database\BaseBuilder->insert()
 6 SYSTEMPATH/BaseModel.php(839): CodeIgniter\Model->doInsert([...])
 7 SYSTEMPATH/Model.php(800): CodeIgniter\BaseModel->insert([...], true)
 8 APPPATH/Controllers/OrderController.php(73): CodeIgniter\Model->insert([...])
 9 SYSTEMPATH/CodeIgniter.php(933): App\Controllers\OrderController->create()
10 SYSTEMPATH/CodeIgniter.php(509): CodeIgniter\CodeIgniter->runController(Object(App\Controllers\OrderController))
11 SYSTEMPATH/CodeIgniter.php(355): CodeIgniter\CodeIgniter->handleRequest(null, Object(Config\Cache), false)
12 SYSTEMPATH/Boot.php(334): CodeIgniter\CodeIgniter->run()
13 SYSTEMPATH/Boot.php(67): CodeIgniter\Boot::runCodeIgniter(Object(CodeIgniter\CodeIgniter))
14 FCPATH/index.php(56): CodeIgniter\Boot::bootWeb(Object(Config\Paths))
15 SYSTEMPATH/rewrite.php(44): require_once('/Applications/XAMPP/xamppfiles/htdocs/health-app/public/index.php')
CRITICAL - 2024-12-29 11:18:55 --> Error: Call to undefined method App\Controllers\OrderController::failNotFound()
[Method: GET, Route: orders/11/user/22]
in APPPATH/Controllers/OrderController.php on line 144.
 1 SYSTEMPATH/CodeIgniter.php(933): App\Controllers\OrderController->showDetailByUser('11', '22')
 2 SYSTEMPATH/CodeIgniter.php(509): CodeIgniter\CodeIgniter->runController(Object(App\Controllers\OrderController))
 3 SYSTEMPATH/CodeIgniter.php(355): CodeIgniter\CodeIgniter->handleRequest(null, Object(Config\Cache), false)
 4 SYSTEMPATH/Boot.php(334): CodeIgniter\CodeIgniter->run()
 5 SYSTEMPATH/Boot.php(67): CodeIgniter\Boot::runCodeIgniter(Object(CodeIgniter\CodeIgniter))
 6 FCPATH/index.php(56): CodeIgniter\Boot::bootWeb(Object(Config\Paths))
 7 SYSTEMPATH/rewrite.php(44): require_once('/Applications/XAMPP/xamppfiles/htdocs/health-app/public/index.php')
CRITICAL - 2024-12-29 11:20:22 --> Error: Call to undefined method App\Controllers\OrderController::failNotFound()
[Method: GET, Route: orders/11/user/22]
in APPPATH/Controllers/OrderController.php on line 144.
 1 SYSTEMPATH/CodeIgniter.php(933): App\Controllers\OrderController->showDetailByUser('11', '22')
 2 SYSTEMPATH/CodeIgniter.php(509): CodeIgniter\CodeIgniter->runController(Object(App\Controllers\OrderController))
 3 SYSTEMPATH/CodeIgniter.php(355): CodeIgniter\CodeIgniter->handleRequest(null, Object(Config\Cache), false)
 4 SYSTEMPATH/Boot.php(334): CodeIgniter\CodeIgniter->run()
 5 SYSTEMPATH/Boot.php(67): CodeIgniter\Boot::runCodeIgniter(Object(CodeIgniter\CodeIgniter))
 6 FCPATH/index.php(56): CodeIgniter\Boot::bootWeb(Object(Config\Paths))
 7 SYSTEMPATH/rewrite.php(44): require_once('/Applications/XAMPP/xamppfiles/htdocs/health-app/public/index.php')
CRITICAL - 2024-12-29 11:21:05 --> Error: Call to undefined method App\Controllers\OrderController::failNotFound()
[Method: GET, Route: orders/11/user/22]
in APPPATH/Controllers/OrderController.php on line 144.
 1 SYSTEMPATH/CodeIgniter.php(933): App\Controllers\OrderController->showDetail('11', '22')
 2 SYSTEMPATH/CodeIgniter.php(509): CodeIgniter\CodeIgniter->runController(Object(App\Controllers\OrderController))
 3 SYSTEMPATH/CodeIgniter.php(355): CodeIgniter\CodeIgniter->handleRequest(null, Object(Config\Cache), false)
 4 SYSTEMPATH/Boot.php(334): CodeIgniter\CodeIgniter->run()
 5 SYSTEMPATH/Boot.php(67): CodeIgniter\Boot::runCodeIgniter(Object(CodeIgniter\CodeIgniter))
 6 FCPATH/index.php(56): CodeIgniter\Boot::bootWeb(Object(Config\Paths))
 7 SYSTEMPATH/rewrite.php(44): require_once('/Applications/XAMPP/xamppfiles/htdocs/health-app/public/index.php')
CRITICAL - 2024-12-29 11:22:22 --> Error: Call to undefined method App\Controllers\OrderController::failNotFound()
[Method: GET, Route: orders/11/user/22]
in APPPATH/Controllers/OrderController.php on line 147.
 1 SYSTEMPATH/CodeIgniter.php(933): App\Controllers\OrderController->showDetail('11', '22')
 2 SYSTEMPATH/CodeIgniter.php(509): CodeIgniter\CodeIgniter->runController(Object(App\Controllers\OrderController))
 3 SYSTEMPATH/CodeIgniter.php(355): CodeIgniter\CodeIgniter->handleRequest(null, Object(Config\Cache), false)
 4 SYSTEMPATH/Boot.php(334): CodeIgniter\CodeIgniter->run()
 5 SYSTEMPATH/Boot.php(67): CodeIgniter\Boot::runCodeIgniter(Object(CodeIgniter\CodeIgniter))
 6 FCPATH/index.php(56): CodeIgniter\Boot::bootWeb(Object(Config\Paths))
 7 SYSTEMPATH/rewrite.php(44): require_once('/Applications/XAMPP/xamppfiles/htdocs/health-app/public/index.php')
CRITICAL - 2024-12-29 11:23:01 --> ErrorException: Undefined array key "id"
[Method: GET, Route: orders/11/user/22]
in APPPATH/Controllers/OrderController.php on line 176.
 1 APPPATH/Controllers/OrderController.php(176): CodeIgniter\Debug\Exceptions->errorHandler(2, 'Undefined array key "id"', '/Applications/XAMPP/xamppfiles/htdocs/health-app/app/Controllers/OrderController.php', 176)
 2 SYSTEMPATH/CodeIgniter.php(933): App\Controllers\OrderController->showDetail('22', '11')
 3 SYSTEMPATH/CodeIgniter.php(509): CodeIgniter\CodeIgniter->runController(Object(App\Controllers\OrderController))
 4 SYSTEMPATH/CodeIgniter.php(355): CodeIgniter\CodeIgniter->handleRequest(null, Object(Config\Cache), false)
 5 SYSTEMPATH/Boot.php(334): CodeIgniter\CodeIgniter->run()
 6 SYSTEMPATH/Boot.php(67): CodeIgniter\Boot::runCodeIgniter(Object(CodeIgniter\CodeIgniter))
 7 FCPATH/index.php(56): CodeIgniter\Boot::bootWeb(Object(Config\Paths))
 8 SYSTEMPATH/rewrite.php(44): require_once('/Applications/XAMPP/xamppfiles/htdocs/health-app/public/index.php')
CRITICAL - 2024-12-29 12:14:21 --> TypeError: CodeIgniter\Database\BaseBuilder::like(): Argument #2 ($match) must be of type string, null given, called in /Applications/XAMPP/xamppfiles/htdocs/health-app/system/Model.php on line 928
[Method: GET, Route: api/products/search]
in SYSTEMPATH/Database/BaseBuilder.php on line 1003.
 1 SYSTEMPATH/Model.php(928): CodeIgniter\Database\BaseBuilder->like('name', null)
 2 APPPATH/Models/ProductModel.php(50): CodeIgniter\Model->__call('like', [...])
 3 APPPATH/Controllers/ProductController.php(58): App\Models\ProductModel->searchProduct(null)
 4 SYSTEMPATH/CodeIgniter.php(933): App\Controllers\ProductController->search()
 5 SYSTEMPATH/CodeIgniter.php(509): CodeIgniter\CodeIgniter->runController(Object(App\Controllers\ProductController))
 6 SYSTEMPATH/CodeIgniter.php(355): CodeIgniter\CodeIgniter->handleRequest(null, Object(Config\Cache), false)
 7 SYSTEMPATH/Boot.php(334): CodeIgniter\CodeIgniter->run()
 8 SYSTEMPATH/Boot.php(67): CodeIgniter\Boot::runCodeIgniter(Object(CodeIgniter\CodeIgniter))
 9 FCPATH/index.php(56): CodeIgniter\Boot::bootWeb(Object(Config\Paths))
10 SYSTEMPATH/rewrite.php(44): require_once('/Applications/XAMPP/xamppfiles/htdocs/health-app/public/index.php')
CRITICAL - 2024-12-29 12:34:58 --> Error: Class "App\Filters\Services" not found
[Method: GET, Route: api/products]
in APPPATH/Filters/AuthFilter.php on line 28.
 1 SYSTEMPATH/Filters/Filters.php(203): App\Filters\AuthFilter->before(Object(CodeIgniter\HTTP\IncomingRequest), null)
 2 SYSTEMPATH/Filters/Filters.php(184): CodeIgniter\Filters\Filters->runBefore([...])
 3 SYSTEMPATH/CodeIgniter.php(481): CodeIgniter\Filters\Filters->run('api/products', 'before')
 4 SYSTEMPATH/CodeIgniter.php(355): CodeIgniter\CodeIgniter->handleRequest(null, Object(Config\Cache), false)
 5 SYSTEMPATH/Boot.php(334): CodeIgniter\CodeIgniter->run()
 6 SYSTEMPATH/Boot.php(67): CodeIgniter\Boot::runCodeIgniter(Object(CodeIgniter\CodeIgniter))
 7 FCPATH/index.php(56): CodeIgniter\Boot::bootWeb(Object(Config\Paths))
 8 SYSTEMPATH/rewrite.php(44): require_once('/Applications/XAMPP/xamppfiles/htdocs/health-app/public/index.php')
CRITICAL - 2024-12-29 12:36:10 --> Error: Firebase\JWT\JWT::decode(): Argument #3 ($headers) could not be passed by reference
[Method: GET, Route: api/products]
in APPPATH/Filters/AuthFilter.php on line 21.
 1 SYSTEMPATH/Filters/Filters.php(203): App\Filters\AuthFilter->before(Object(CodeIgniter\HTTP\IncomingRequest), null)
 2 SYSTEMPATH/Filters/Filters.php(184): CodeIgniter\Filters\Filters->runBefore([...])
 3 SYSTEMPATH/CodeIgniter.php(481): CodeIgniter\Filters\Filters->run('api/products', 'before')
 4 SYSTEMPATH/CodeIgniter.php(355): CodeIgniter\CodeIgniter->handleRequest(null, Object(Config\Cache), false)
 5 SYSTEMPATH/Boot.php(334): CodeIgniter\CodeIgniter->run()
 6 SYSTEMPATH/Boot.php(67): CodeIgniter\Boot::runCodeIgniter(Object(CodeIgniter\CodeIgniter))
 7 FCPATH/index.php(56): CodeIgniter\Boot::bootWeb(Object(Config\Paths))
 8 SYSTEMPATH/rewrite.php(44): require_once('/Applications/XAMPP/xamppfiles/htdocs/health-app/public/index.php')
CRITICAL - 2024-12-29 12:39:54 --> Error: Class "App\Filters\Services" not found
[Method: POST, Route: login]
in APPPATH/Filters/AuthFilter.php on line 28.
 1 SYSTEMPATH/Filters/Filters.php(203): App\Filters\AuthFilter->before(Object(CodeIgniter\HTTP\IncomingRequest), null)
 2 SYSTEMPATH/Filters/Filters.php(184): CodeIgniter\Filters\Filters->runBefore([...])
 3 SYSTEMPATH/CodeIgniter.php(481): CodeIgniter\Filters\Filters->run('login', 'before')
 4 SYSTEMPATH/CodeIgniter.php(355): CodeIgniter\CodeIgniter->handleRequest(null, Object(Config\Cache), false)
 5 SYSTEMPATH/Boot.php(334): CodeIgniter\CodeIgniter->run()
 6 SYSTEMPATH/Boot.php(67): CodeIgniter\Boot::runCodeIgniter(Object(CodeIgniter\CodeIgniter))
 7 FCPATH/index.php(56): CodeIgniter\Boot::bootWeb(Object(Config\Paths))
 8 SYSTEMPATH/rewrite.php(44): require_once('/Applications/XAMPP/xamppfiles/htdocs/health-app/public/index.php')
CRITICAL - 2024-12-29 12:40:08 --> Error: Class "App\Filters\Services" not found
[Method: POST, Route: login]
in APPPATH/Filters/AuthFilter.php on line 28.
 1 SYSTEMPATH/Filters/Filters.php(203): App\Filters\AuthFilter->before(Object(CodeIgniter\HTTP\IncomingRequest), null)
 2 SYSTEMPATH/Filters/Filters.php(184): CodeIgniter\Filters\Filters->runBefore([...])
 3 SYSTEMPATH/CodeIgniter.php(481): CodeIgniter\Filters\Filters->run('login', 'before')
 4 SYSTEMPATH/CodeIgniter.php(355): CodeIgniter\CodeIgniter->handleRequest(null, Object(Config\Cache), false)
 5 SYSTEMPATH/Boot.php(334): CodeIgniter\CodeIgniter->run()
 6 SYSTEMPATH/Boot.php(67): CodeIgniter\Boot::runCodeIgniter(Object(CodeIgniter\CodeIgniter))
 7 FCPATH/index.php(56): CodeIgniter\Boot::bootWeb(Object(Config\Paths))
 8 SYSTEMPATH/rewrite.php(44): require_once('/Applications/XAMPP/xamppfiles/htdocs/health-app/public/index.php')
CRITICAL - 2024-12-29 12:41:55 --> Error: Class "App\Filters\Services" not found
[Method: POST, Route: login]
in APPPATH/Filters/AuthFilter.php on line 30.
 1 SYSTEMPATH/Filters/Filters.php(203): App\Filters\AuthFilter->before(Object(CodeIgniter\HTTP\IncomingRequest), null)
 2 SYSTEMPATH/Filters/Filters.php(184): CodeIgniter\Filters\Filters->runBefore([...])
 3 SYSTEMPATH/CodeIgniter.php(481): CodeIgniter\Filters\Filters->run('login', 'before')
 4 SYSTEMPATH/CodeIgniter.php(355): CodeIgniter\CodeIgniter->handleRequest(null, Object(Config\Cache), false)
 5 SYSTEMPATH/Boot.php(334): CodeIgniter\CodeIgniter->run()
 6 SYSTEMPATH/Boot.php(67): CodeIgniter\Boot::runCodeIgniter(Object(CodeIgniter\CodeIgniter))
 7 FCPATH/index.php(56): CodeIgniter\Boot::bootWeb(Object(Config\Paths))
 8 SYSTEMPATH/rewrite.php(44): require_once('/Applications/XAMPP/xamppfiles/htdocs/health-app/public/index.php')
CRITICAL - 2024-12-29 12:42:39 --> Error: Class "App\Filters\Services" not found
[Method: POST, Route: login]
in APPPATH/Filters/AuthFilter.php on line 30.
 1 SYSTEMPATH/Filters/Filters.php(203): App\Filters\AuthFilter->before(Object(CodeIgniter\HTTP\IncomingRequest), null)
 2 SYSTEMPATH/Filters/Filters.php(184): CodeIgniter\Filters\Filters->runBefore([...])
 3 SYSTEMPATH/CodeIgniter.php(481): CodeIgniter\Filters\Filters->run('login', 'before')
 4 SYSTEMPATH/CodeIgniter.php(355): CodeIgniter\CodeIgniter->handleRequest(null, Object(Config\Cache), false)
 5 SYSTEMPATH/Boot.php(334): CodeIgniter\CodeIgniter->run()
 6 SYSTEMPATH/Boot.php(67): CodeIgniter\Boot::runCodeIgniter(Object(CodeIgniter\CodeIgniter))
 7 FCPATH/index.php(56): CodeIgniter\Boot::bootWeb(Object(Config\Paths))
 8 SYSTEMPATH/rewrite.php(44): require_once('/Applications/XAMPP/xamppfiles/htdocs/health-app/public/index.php')
WARNING - 2024-12-29 12:52:11 --> [DEPRECATED] Setting lowercase HTTP method key "post" is deprecated. Use uppercase HTTP method like "POST". in SYSTEMPATH/Filters/Filters.php on line 648.
 1 SYSTEMPATH/Filters/Filters.php(648): trigger_error('Setting lowercase HTTP method key "post" is deprecated. Use uppercase HTTP method like "POST".', 16384)
 2 SYSTEMPATH/Filters/Filters.php(399): CodeIgniter\Filters\Filters->processMethods()
 3 SYSTEMPATH/Filters/Filters.php(181): CodeIgniter\Filters\Filters->initialize('login')
 4 SYSTEMPATH/CodeIgniter.php(481): CodeIgniter\Filters\Filters->run('login', 'before')
 5 SYSTEMPATH/CodeIgniter.php(355): CodeIgniter\CodeIgniter->handleRequest(null, Object(Config\Cache), false)
 6 SYSTEMPATH/Boot.php(334): CodeIgniter\CodeIgniter->run()
 7 SYSTEMPATH/Boot.php(67): CodeIgniter\Boot::runCodeIgniter(Object(CodeIgniter\CodeIgniter))
 8 FCPATH/index.php(56): CodeIgniter\Boot::bootWeb(Object(Config\Paths))
 9 SYSTEMPATH/rewrite.php(44): require_once('/Applications/XAMPP/xamppfiles/htdocs/health-app/public/index.php')
CRITICAL - 2024-12-29 12:52:11 --> CodeIgniter\Security\Exceptions\SecurityException: The action you requested is not allowed.
[Method: POST, Route: login]
in SYSTEMPATH/Security/Security.php on line 262.
 1 SYSTEMPATH/Security/Security.php(262): CodeIgniter\Security\Exceptions\SecurityException::forDisallowedAction()
 2 SYSTEMPATH/Filters/CSRF.php(52): CodeIgniter\Security\Security->verify(Object(CodeIgniter\HTTP\IncomingRequest))
 3 SYSTEMPATH/Filters/Filters.php(203): CodeIgniter\Filters\CSRF->before(Object(CodeIgniter\HTTP\IncomingRequest), null)
 4 SYSTEMPATH/Filters/Filters.php(184): CodeIgniter\Filters\Filters->runBefore([...])
 5 SYSTEMPATH/CodeIgniter.php(481): CodeIgniter\Filters\Filters->run('login', 'before')
 6 SYSTEMPATH/CodeIgniter.php(355): CodeIgniter\CodeIgniter->handleRequest(null, Object(Config\Cache), false)
 7 SYSTEMPATH/Boot.php(334): CodeIgniter\CodeIgniter->run()
 8 SYSTEMPATH/Boot.php(67): CodeIgniter\Boot::runCodeIgniter(Object(CodeIgniter\CodeIgniter))
 9 FCPATH/index.php(56): CodeIgniter\Boot::bootWeb(Object(Config\Paths))
10 SYSTEMPATH/rewrite.php(44): require_once('/Applications/XAMPP/xamppfiles/htdocs/health-app/public/index.php')
WARNING - 2024-12-29 12:52:49 --> [DEPRECATED] Setting lowercase HTTP method key "post" is deprecated. Use uppercase HTTP method like "POST". in SYSTEMPATH/Filters/Filters.php on line 648.
 1 SYSTEMPATH/Filters/Filters.php(648): trigger_error('Setting lowercase HTTP method key "post" is deprecated. Use uppercase HTTP method like "POST".', 16384)
 2 SYSTEMPATH/Filters/Filters.php(399): CodeIgniter\Filters\Filters->processMethods()
 3 SYSTEMPATH/Filters/Filters.php(181): CodeIgniter\Filters\Filters->initialize('login')
 4 SYSTEMPATH/CodeIgniter.php(481): CodeIgniter\Filters\Filters->run('login', 'before')
 5 SYSTEMPATH/CodeIgniter.php(355): CodeIgniter\CodeIgniter->handleRequest(null, Object(Config\Cache), false)
 6 SYSTEMPATH/Boot.php(334): CodeIgniter\CodeIgniter->run()
 7 SYSTEMPATH/Boot.php(67): CodeIgniter\Boot::runCodeIgniter(Object(CodeIgniter\CodeIgniter))
 8 FCPATH/index.php(56): CodeIgniter\Boot::bootWeb(Object(Config\Paths))
 9 SYSTEMPATH/rewrite.php(44): require_once('/Applications/XAMPP/xamppfiles/htdocs/health-app/public/index.php')
CRITICAL - 2024-12-29 12:52:49 --> CodeIgniter\Security\Exceptions\SecurityException: The action you requested is not allowed.
[Method: POST, Route: login]
in SYSTEMPATH/Security/Security.php on line 262.
 1 SYSTEMPATH/Security/Security.php(262): CodeIgniter\Security\Exceptions\SecurityException::forDisallowedAction()
 2 SYSTEMPATH/Filters/CSRF.php(52): CodeIgniter\Security\Security->verify(Object(CodeIgniter\HTTP\IncomingRequest))
 3 SYSTEMPATH/Filters/Filters.php(203): CodeIgniter\Filters\CSRF->before(Object(CodeIgniter\HTTP\IncomingRequest), null)
 4 SYSTEMPATH/Filters/Filters.php(184): CodeIgniter\Filters\Filters->runBefore([...])
 5 SYSTEMPATH/CodeIgniter.php(481): CodeIgniter\Filters\Filters->run('login', 'before')
 6 SYSTEMPATH/CodeIgniter.php(355): CodeIgniter\CodeIgniter->handleRequest(null, Object(Config\Cache), false)
 7 SYSTEMPATH/Boot.php(334): CodeIgniter\CodeIgniter->run()
 8 SYSTEMPATH/Boot.php(67): CodeIgniter\Boot::runCodeIgniter(Object(CodeIgniter\CodeIgniter))
 9 FCPATH/index.php(56): CodeIgniter\Boot::bootWeb(Object(Config\Paths))
10 SYSTEMPATH/rewrite.php(44): require_once('/Applications/XAMPP/xamppfiles/htdocs/health-app/public/index.php')
CRITICAL - 2024-12-29 12:53:20 --> CodeIgniter\Filters\Exceptions\FilterException: "noCSRF" filter must have a matching alias defined.
[Method: POST, Route: login]
in SYSTEMPATH/Filters/Filters.php on line 495.
 1 SYSTEMPATH/Filters/Filters.php(495): CodeIgniter\Filters\Exceptions\FilterException::forNoAlias('noCSRF')
 2 SYSTEMPATH/Filters/Filters.php(547): CodeIgniter\Filters\Filters->enableFilter('noCSRF', 'before')
 3 SYSTEMPATH/CodeIgniter.php(469): CodeIgniter\Filters\Filters->enableFilters([...], 'before')
 4 SYSTEMPATH/CodeIgniter.php(355): CodeIgniter\CodeIgniter->handleRequest(null, Object(Config\Cache), false)
 5 SYSTEMPATH/Boot.php(334): CodeIgniter\CodeIgniter->run()
 6 SYSTEMPATH/Boot.php(67): CodeIgniter\Boot::runCodeIgniter(Object(CodeIgniter\CodeIgniter))
 7 FCPATH/index.php(56): CodeIgniter\Boot::bootWeb(Object(Config\Paths))
 8 SYSTEMPATH/rewrite.php(44): require_once('/Applications/XAMPP/xamppfiles/htdocs/health-app/public/index.php')
CRITICAL - 2024-12-29 12:56:03 --> CodeIgniter\Filters\Exceptions\FilterException: "noCSRF" filter must have a matching alias defined.
[Method: POST, Route: login]
in SYSTEMPATH/Filters/Filters.php on line 495.
 1 SYSTEMPATH/Filters/Filters.php(495): CodeIgniter\Filters\Exceptions\FilterException::forNoAlias('noCSRF')
 2 SYSTEMPATH/Filters/Filters.php(547): CodeIgniter\Filters\Filters->enableFilter('noCSRF', 'before')
 3 SYSTEMPATH/CodeIgniter.php(469): CodeIgniter\Filters\Filters->enableFilters([...], 'before')
 4 SYSTEMPATH/CodeIgniter.php(355): CodeIgniter\CodeIgniter->handleRequest(null, Object(Config\Cache), false)
 5 SYSTEMPATH/Boot.php(334): CodeIgniter\CodeIgniter->run()
 6 SYSTEMPATH/Boot.php(67): CodeIgniter\Boot::runCodeIgniter(Object(CodeIgniter\CodeIgniter))
 7 FCPATH/index.php(56): CodeIgniter\Boot::bootWeb(Object(Config\Paths))
 8 SYSTEMPATH/rewrite.php(44): require_once('/Applications/XAMPP/xamppfiles/htdocs/health-app/public/index.php')
WARNING - 2024-12-29 12:56:22 --> [DEPRECATED] Setting lowercase HTTP method key "post" is deprecated. Use uppercase HTTP method like "POST". in SYSTEMPATH/Filters/Filters.php on line 648.
 1 SYSTEMPATH/Filters/Filters.php(648): trigger_error('Setting lowercase HTTP method key "post" is deprecated. Use uppercase HTTP method like "POST".', 16384)
 2 SYSTEMPATH/Filters/Filters.php(399): CodeIgniter\Filters\Filters->processMethods()
 3 SYSTEMPATH/Filters/Filters.php(181): CodeIgniter\Filters\Filters->initialize('login')
 4 SYSTEMPATH/CodeIgniter.php(481): CodeIgniter\Filters\Filters->run('login', 'before')
 5 SYSTEMPATH/CodeIgniter.php(355): CodeIgniter\CodeIgniter->handleRequest(null, Object(Config\Cache), false)
 6 SYSTEMPATH/Boot.php(334): CodeIgniter\CodeIgniter->run()
 7 SYSTEMPATH/Boot.php(67): CodeIgniter\Boot::runCodeIgniter(Object(CodeIgniter\CodeIgniter))
 8 FCPATH/index.php(56): CodeIgniter\Boot::bootWeb(Object(Config\Paths))
 9 SYSTEMPATH/rewrite.php(44): require_once('/Applications/XAMPP/xamppfiles/htdocs/health-app/public/index.php')
CRITICAL - 2024-12-29 12:56:22 --> CodeIgniter\Security\Exceptions\SecurityException: The action you requested is not allowed.
[Method: POST, Route: login]
in SYSTEMPATH/Security/Security.php on line 262.
 1 SYSTEMPATH/Security/Security.php(262): CodeIgniter\Security\Exceptions\SecurityException::forDisallowedAction()
 2 SYSTEMPATH/Filters/CSRF.php(52): CodeIgniter\Security\Security->verify(Object(CodeIgniter\HTTP\IncomingRequest))
 3 SYSTEMPATH/Filters/Filters.php(203): CodeIgniter\Filters\CSRF->before(Object(CodeIgniter\HTTP\IncomingRequest), null)
 4 SYSTEMPATH/Filters/Filters.php(184): CodeIgniter\Filters\Filters->runBefore([...])
 5 SYSTEMPATH/CodeIgniter.php(481): CodeIgniter\Filters\Filters->run('login', 'before')
 6 SYSTEMPATH/CodeIgniter.php(355): CodeIgniter\CodeIgniter->handleRequest(null, Object(Config\Cache), false)
 7 SYSTEMPATH/Boot.php(334): CodeIgniter\CodeIgniter->run()
 8 SYSTEMPATH/Boot.php(67): CodeIgniter\Boot::runCodeIgniter(Object(CodeIgniter\CodeIgniter))
 9 FCPATH/index.php(56): CodeIgniter\Boot::bootWeb(Object(Config\Paths))
10 SYSTEMPATH/rewrite.php(44): require_once('/Applications/XAMPP/xamppfiles/htdocs/health-app/public/index.php')
WARNING - 2024-12-29 12:57:27 --> [DEPRECATED] Setting lowercase HTTP method key "post" is deprecated. Use uppercase HTTP method like "POST". in SYSTEMPATH/Filters/Filters.php on line 648.
 1 SYSTEMPATH/Filters/Filters.php(648): trigger_error('Setting lowercase HTTP method key "post" is deprecated. Use uppercase HTTP method like "POST".', 16384)
 2 SYSTEMPATH/Filters/Filters.php(399): CodeIgniter\Filters\Filters->processMethods()
 3 SYSTEMPATH/Filters/Filters.php(181): CodeIgniter\Filters\Filters->initialize('login')
 4 SYSTEMPATH/CodeIgniter.php(481): CodeIgniter\Filters\Filters->run('login', 'before')
 5 SYSTEMPATH/CodeIgniter.php(355): CodeIgniter\CodeIgniter->handleRequest(null, Object(Config\Cache), false)
 6 SYSTEMPATH/Boot.php(334): CodeIgniter\CodeIgniter->run()
 7 SYSTEMPATH/Boot.php(67): CodeIgniter\Boot::runCodeIgniter(Object(CodeIgniter\CodeIgniter))
 8 FCPATH/index.php(56): CodeIgniter\Boot::bootWeb(Object(Config\Paths))
 9 SYSTEMPATH/rewrite.php(44): require_once('/Applications/XAMPP/xamppfiles/htdocs/health-app/public/index.php')
CRITICAL - 2024-12-29 12:57:27 --> CodeIgniter\Security\Exceptions\SecurityException: The action you requested is not allowed.
[Method: POST, Route: login]
in SYSTEMPATH/Security/Security.php on line 262.
 1 SYSTEMPATH/Security/Security.php(262): CodeIgniter\Security\Exceptions\SecurityException::forDisallowedAction()
 2 SYSTEMPATH/Filters/CSRF.php(52): CodeIgniter\Security\Security->verify(Object(CodeIgniter\HTTP\IncomingRequest))
 3 SYSTEMPATH/Filters/Filters.php(203): CodeIgniter\Filters\CSRF->before(Object(CodeIgniter\HTTP\IncomingRequest), null)
 4 SYSTEMPATH/Filters/Filters.php(184): CodeIgniter\Filters\Filters->runBefore([...])
 5 SYSTEMPATH/CodeIgniter.php(481): CodeIgniter\Filters\Filters->run('login', 'before')
 6 SYSTEMPATH/CodeIgniter.php(355): CodeIgniter\CodeIgniter->handleRequest(null, Object(Config\Cache), false)
 7 SYSTEMPATH/Boot.php(334): CodeIgniter\CodeIgniter->run()
 8 SYSTEMPATH/Boot.php(67): CodeIgniter\Boot::runCodeIgniter(Object(CodeIgniter\CodeIgniter))
 9 FCPATH/index.php(56): CodeIgniter\Boot::bootWeb(Object(Config\Paths))
10 SYSTEMPATH/rewrite.php(44): require_once('/Applications/XAMPP/xamppfiles/htdocs/health-app/public/index.php')
WARNING - 2024-12-29 12:58:20 --> [DEPRECATED] Setting lowercase HTTP method key "post" is deprecated. Use uppercase HTTP method like "POST". in SYSTEMPATH/Filters/Filters.php on line 648.
 1 SYSTEMPATH/Filters/Filters.php(648): trigger_error('Setting lowercase HTTP method key "post" is deprecated. Use uppercase HTTP method like "POST".', 16384)
 2 SYSTEMPATH/Filters/Filters.php(399): CodeIgniter\Filters\Filters->processMethods()
 3 SYSTEMPATH/Filters/Filters.php(181): CodeIgniter\Filters\Filters->initialize('login')
 4 SYSTEMPATH/CodeIgniter.php(481): CodeIgniter\Filters\Filters->run('login', 'before')
 5 SYSTEMPATH/CodeIgniter.php(355): CodeIgniter\CodeIgniter->handleRequest(null, Object(Config\Cache), false)
 6 SYSTEMPATH/Boot.php(334): CodeIgniter\CodeIgniter->run()
 7 SYSTEMPATH/Boot.php(67): CodeIgniter\Boot::runCodeIgniter(Object(CodeIgniter\CodeIgniter))
 8 FCPATH/index.php(56): CodeIgniter\Boot::bootWeb(Object(Config\Paths))
 9 SYSTEMPATH/rewrite.php(44): require_once('/Applications/XAMPP/xamppfiles/htdocs/health-app/public/index.php')
CRITICAL - 2024-12-29 12:58:20 --> CodeIgniter\Security\Exceptions\SecurityException: The action you requested is not allowed.
[Method: POST, Route: login]
in SYSTEMPATH/Security/Security.php on line 262.
 1 SYSTEMPATH/Security/Security.php(262): CodeIgniter\Security\Exceptions\SecurityException::forDisallowedAction()
 2 SYSTEMPATH/Filters/CSRF.php(52): CodeIgniter\Security\Security->verify(Object(CodeIgniter\HTTP\IncomingRequest))
 3 SYSTEMPATH/Filters/Filters.php(203): CodeIgniter\Filters\CSRF->before(Object(CodeIgniter\HTTP\IncomingRequest), null)
 4 SYSTEMPATH/Filters/Filters.php(184): CodeIgniter\Filters\Filters->runBefore([...])
 5 SYSTEMPATH/CodeIgniter.php(481): CodeIgniter\Filters\Filters->run('login', 'before')
 6 SYSTEMPATH/CodeIgniter.php(355): CodeIgniter\CodeIgniter->handleRequest(null, Object(Config\Cache), false)
 7 SYSTEMPATH/Boot.php(334): CodeIgniter\CodeIgniter->run()
 8 SYSTEMPATH/Boot.php(67): CodeIgniter\Boot::runCodeIgniter(Object(CodeIgniter\CodeIgniter))
 9 FCPATH/index.php(56): CodeIgniter\Boot::bootWeb(Object(Config\Paths))
10 SYSTEMPATH/rewrite.php(44): require_once('/Applications/XAMPP/xamppfiles/htdocs/health-app/public/index.php')
WARNING - 2024-12-29 12:58:55 --> [DEPRECATED] Setting lowercase HTTP method key "post" is deprecated. Use uppercase HTTP method like "POST". in SYSTEMPATH/Filters/Filters.php on line 648.
 1 SYSTEMPATH/Filters/Filters.php(648): trigger_error('Setting lowercase HTTP method key "post" is deprecated. Use uppercase HTTP method like "POST".', 16384)
 2 SYSTEMPATH/Filters/Filters.php(399): CodeIgniter\Filters\Filters->processMethods()
 3 SYSTEMPATH/Filters/Filters.php(181): CodeIgniter\Filters\Filters->initialize('login')
 4 SYSTEMPATH/CodeIgniter.php(481): CodeIgniter\Filters\Filters->run('login', 'before')
 5 SYSTEMPATH/CodeIgniter.php(355): CodeIgniter\CodeIgniter->handleRequest(null, Object(Config\Cache), false)
 6 SYSTEMPATH/Boot.php(334): CodeIgniter\CodeIgniter->run()
 7 SYSTEMPATH/Boot.php(67): CodeIgniter\Boot::runCodeIgniter(Object(CodeIgniter\CodeIgniter))
 8 FCPATH/index.php(56): CodeIgniter\Boot::bootWeb(Object(Config\Paths))
 9 SYSTEMPATH/rewrite.php(44): require_once('/Applications/XAMPP/xamppfiles/htdocs/health-app/public/index.php')
CRITICAL - 2024-12-29 12:58:55 --> CodeIgniter\Security\Exceptions\SecurityException: The action you requested is not allowed.
[Method: POST, Route: login]
in SYSTEMPATH/Security/Security.php on line 262.
 1 SYSTEMPATH/Security/Security.php(262): CodeIgniter\Security\Exceptions\SecurityException::forDisallowedAction()
 2 SYSTEMPATH/Filters/CSRF.php(52): CodeIgniter\Security\Security->verify(Object(CodeIgniter\HTTP\IncomingRequest))
 3 SYSTEMPATH/Filters/Filters.php(203): CodeIgniter\Filters\CSRF->before(Object(CodeIgniter\HTTP\IncomingRequest), null)
 4 SYSTEMPATH/Filters/Filters.php(184): CodeIgniter\Filters\Filters->runBefore([...])
 5 SYSTEMPATH/CodeIgniter.php(481): CodeIgniter\Filters\Filters->run('login', 'before')
 6 SYSTEMPATH/CodeIgniter.php(355): CodeIgniter\CodeIgniter->handleRequest(null, Object(Config\Cache), false)
 7 SYSTEMPATH/Boot.php(334): CodeIgniter\CodeIgniter->run()
 8 SYSTEMPATH/Boot.php(67): CodeIgniter\Boot::runCodeIgniter(Object(CodeIgniter\CodeIgniter))
 9 FCPATH/index.php(56): CodeIgniter\Boot::bootWeb(Object(Config\Paths))
10 SYSTEMPATH/rewrite.php(44): require_once('/Applications/XAMPP/xamppfiles/htdocs/health-app/public/index.php')
WARNING - 2024-12-29 13:00:23 --> [DEPRECATED] Setting lowercase HTTP method key "post" is deprecated. Use uppercase HTTP method like "POST". in SYSTEMPATH/Filters/Filters.php on line 648.
 1 SYSTEMPATH/Filters/Filters.php(648): trigger_error('Setting lowercase HTTP method key "post" is deprecated. Use uppercase HTTP method like "POST".', 16384)
 2 SYSTEMPATH/Filters/Filters.php(399): CodeIgniter\Filters\Filters->processMethods()
 3 SYSTEMPATH/Filters/Filters.php(181): CodeIgniter\Filters\Filters->initialize('login')
 4 SYSTEMPATH/CodeIgniter.php(481): CodeIgniter\Filters\Filters->run('login', 'before')
 5 SYSTEMPATH/CodeIgniter.php(355): CodeIgniter\CodeIgniter->handleRequest(null, Object(Config\Cache), false)
 6 SYSTEMPATH/Boot.php(334): CodeIgniter\CodeIgniter->run()
 7 SYSTEMPATH/Boot.php(67): CodeIgniter\Boot::runCodeIgniter(Object(CodeIgniter\CodeIgniter))
 8 FCPATH/index.php(56): CodeIgniter\Boot::bootWeb(Object(Config\Paths))
 9 SYSTEMPATH/rewrite.php(44): require_once('/Applications/XAMPP/xamppfiles/htdocs/health-app/public/index.php')
CRITICAL - 2024-12-29 13:00:23 --> CodeIgniter\Security\Exceptions\SecurityException: The action you requested is not allowed.
[Method: POST, Route: login]
in SYSTEMPATH/Security/Security.php on line 262.
 1 SYSTEMPATH/Security/Security.php(262): CodeIgniter\Security\Exceptions\SecurityException::forDisallowedAction()
 2 SYSTEMPATH/Filters/CSRF.php(52): CodeIgniter\Security\Security->verify(Object(CodeIgniter\HTTP\IncomingRequest))
 3 SYSTEMPATH/Filters/Filters.php(203): CodeIgniter\Filters\CSRF->before(Object(CodeIgniter\HTTP\IncomingRequest), null)
 4 SYSTEMPATH/Filters/Filters.php(184): CodeIgniter\Filters\Filters->runBefore([...])
 5 SYSTEMPATH/CodeIgniter.php(481): CodeIgniter\Filters\Filters->run('login', 'before')
 6 SYSTEMPATH/CodeIgniter.php(355): CodeIgniter\CodeIgniter->handleRequest(null, Object(Config\Cache), false)
 7 SYSTEMPATH/Boot.php(334): CodeIgniter\CodeIgniter->run()
 8 SYSTEMPATH/Boot.php(67): CodeIgniter\Boot::runCodeIgniter(Object(CodeIgniter\CodeIgniter))
 9 FCPATH/index.php(56): CodeIgniter\Boot::bootWeb(Object(Config\Paths))
10 SYSTEMPATH/rewrite.php(44): require_once('/Applications/XAMPP/xamppfiles/htdocs/health-app/public/index.php')
WARNING - 2024-12-29 13:01:27 --> [DEPRECATED] Setting lowercase HTTP method key "post" is deprecated. Use uppercase HTTP method like "POST". in SYSTEMPATH/Filters/Filters.php on line 648.
 1 SYSTEMPATH/Filters/Filters.php(648): trigger_error('Setting lowercase HTTP method key "post" is deprecated. Use uppercase HTTP method like "POST".', 16384)
 2 SYSTEMPATH/Filters/Filters.php(399): CodeIgniter\Filters\Filters->processMethods()
 3 SYSTEMPATH/Filters/Filters.php(181): CodeIgniter\Filters\Filters->initialize('login')
 4 SYSTEMPATH/CodeIgniter.php(481): CodeIgniter\Filters\Filters->run('login', 'before')
 5 SYSTEMPATH/CodeIgniter.php(355): CodeIgniter\CodeIgniter->handleRequest(null, Object(Config\Cache), false)
 6 SYSTEMPATH/Boot.php(334): CodeIgniter\CodeIgniter->run()
 7 SYSTEMPATH/Boot.php(67): CodeIgniter\Boot::runCodeIgniter(Object(CodeIgniter\CodeIgniter))
 8 FCPATH/index.php(56): CodeIgniter\Boot::bootWeb(Object(Config\Paths))
 9 SYSTEMPATH/rewrite.php(44): require_once('/Applications/XAMPP/xamppfiles/htdocs/health-app/public/index.php')
CRITICAL - 2024-12-29 13:01:27 --> CodeIgniter\Security\Exceptions\SecurityException: The action you requested is not allowed.
[Method: POST, Route: login]
in SYSTEMPATH/Security/Security.php on line 262.
 1 SYSTEMPATH/Security/Security.php(262): CodeIgniter\Security\Exceptions\SecurityException::forDisallowedAction()
 2 SYSTEMPATH/Filters/CSRF.php(52): CodeIgniter\Security\Security->verify(Object(CodeIgniter\HTTP\IncomingRequest))
 3 SYSTEMPATH/Filters/Filters.php(203): CodeIgniter\Filters\CSRF->before(Object(CodeIgniter\HTTP\IncomingRequest), null)
 4 SYSTEMPATH/Filters/Filters.php(184): CodeIgniter\Filters\Filters->runBefore([...])
 5 SYSTEMPATH/CodeIgniter.php(481): CodeIgniter\Filters\Filters->run('login', 'before')
 6 SYSTEMPATH/CodeIgniter.php(355): CodeIgniter\CodeIgniter->handleRequest(null, Object(Config\Cache), false)
 7 SYSTEMPATH/Boot.php(334): CodeIgniter\CodeIgniter->run()
 8 SYSTEMPATH/Boot.php(67): CodeIgniter\Boot::runCodeIgniter(Object(CodeIgniter\CodeIgniter))
 9 FCPATH/index.php(56): CodeIgniter\Boot::bootWeb(Object(Config\Paths))
10 SYSTEMPATH/rewrite.php(44): require_once('/Applications/XAMPP/xamppfiles/htdocs/health-app/public/index.php')
WARNING - 2024-12-29 13:01:29 --> [DEPRECATED] Setting lowercase HTTP method key "post" is deprecated. Use uppercase HTTP method like "POST". in SYSTEMPATH/Filters/Filters.php on line 648.
 1 SYSTEMPATH/Filters/Filters.php(648): trigger_error('Setting lowercase HTTP method key "post" is deprecated. Use uppercase HTTP method like "POST".', 16384)
 2 SYSTEMPATH/Filters/Filters.php(399): CodeIgniter\Filters\Filters->processMethods()
 3 SYSTEMPATH/Filters/Filters.php(181): CodeIgniter\Filters\Filters->initialize('login')
 4 SYSTEMPATH/CodeIgniter.php(481): CodeIgniter\Filters\Filters->run('login', 'before')
 5 SYSTEMPATH/CodeIgniter.php(355): CodeIgniter\CodeIgniter->handleRequest(null, Object(Config\Cache), false)
 6 SYSTEMPATH/Boot.php(334): CodeIgniter\CodeIgniter->run()
 7 SYSTEMPATH/Boot.php(67): CodeIgniter\Boot::runCodeIgniter(Object(CodeIgniter\CodeIgniter))
 8 FCPATH/index.php(56): CodeIgniter\Boot::bootWeb(Object(Config\Paths))
 9 SYSTEMPATH/rewrite.php(44): require_once('/Applications/XAMPP/xamppfiles/htdocs/health-app/public/index.php')
CRITICAL - 2024-12-29 13:01:29 --> CodeIgniter\Security\Exceptions\SecurityException: The action you requested is not allowed.
[Method: POST, Route: login]
in SYSTEMPATH/Security/Security.php on line 262.
 1 SYSTEMPATH/Security/Security.php(262): CodeIgniter\Security\Exceptions\SecurityException::forDisallowedAction()
 2 SYSTEMPATH/Filters/CSRF.php(52): CodeIgniter\Security\Security->verify(Object(CodeIgniter\HTTP\IncomingRequest))
 3 SYSTEMPATH/Filters/Filters.php(203): CodeIgniter\Filters\CSRF->before(Object(CodeIgniter\HTTP\IncomingRequest), null)
 4 SYSTEMPATH/Filters/Filters.php(184): CodeIgniter\Filters\Filters->runBefore([...])
 5 SYSTEMPATH/CodeIgniter.php(481): CodeIgniter\Filters\Filters->run('login', 'before')
 6 SYSTEMPATH/CodeIgniter.php(355): CodeIgniter\CodeIgniter->handleRequest(null, Object(Config\Cache), false)
 7 SYSTEMPATH/Boot.php(334): CodeIgniter\CodeIgniter->run()
 8 SYSTEMPATH/Boot.php(67): CodeIgniter\Boot::runCodeIgniter(Object(CodeIgniter\CodeIgniter))
 9 FCPATH/index.php(56): CodeIgniter\Boot::bootWeb(Object(Config\Paths))
10 SYSTEMPATH/rewrite.php(44): require_once('/Applications/XAMPP/xamppfiles/htdocs/health-app/public/index.php')
WARNING - 2024-12-29 13:03:22 --> [DEPRECATED] Setting lowercase HTTP method key "post" is deprecated. Use uppercase HTTP method like "POST". in SYSTEMPATH/Filters/Filters.php on line 648.
 1 SYSTEMPATH/Filters/Filters.php(648): trigger_error('Setting lowercase HTTP method key "post" is deprecated. Use uppercase HTTP method like "POST".', 16384)
 2 SYSTEMPATH/Filters/Filters.php(399): CodeIgniter\Filters\Filters->processMethods()
 3 SYSTEMPATH/Filters/Filters.php(181): CodeIgniter\Filters\Filters->initialize('login')
 4 SYSTEMPATH/CodeIgniter.php(481): CodeIgniter\Filters\Filters->run('login', 'before')
 5 SYSTEMPATH/CodeIgniter.php(355): CodeIgniter\CodeIgniter->handleRequest(null, Object(Config\Cache), false)
 6 SYSTEMPATH/Boot.php(334): CodeIgniter\CodeIgniter->run()
 7 SYSTEMPATH/Boot.php(67): CodeIgniter\Boot::runCodeIgniter(Object(CodeIgniter\CodeIgniter))
 8 FCPATH/index.php(56): CodeIgniter\Boot::bootWeb(Object(Config\Paths))
 9 SYSTEMPATH/rewrite.php(44): require_once('/Applications/XAMPP/xamppfiles/htdocs/health-app/public/index.php')
CRITICAL - 2024-12-29 13:03:22 --> CodeIgniter\Security\Exceptions\SecurityException: The action you requested is not allowed.
[Method: POST, Route: login]
in SYSTEMPATH/Security/Security.php on line 262.
 1 SYSTEMPATH/Security/Security.php(262): CodeIgniter\Security\Exceptions\SecurityException::forDisallowedAction()
 2 SYSTEMPATH/Filters/CSRF.php(52): CodeIgniter\Security\Security->verify(Object(CodeIgniter\HTTP\IncomingRequest))
 3 SYSTEMPATH/Filters/Filters.php(203): CodeIgniter\Filters\CSRF->before(Object(CodeIgniter\HTTP\IncomingRequest), null)
 4 SYSTEMPATH/Filters/Filters.php(184): CodeIgniter\Filters\Filters->runBefore([...])
 5 SYSTEMPATH/CodeIgniter.php(481): CodeIgniter\Filters\Filters->run('login', 'before')
 6 SYSTEMPATH/CodeIgniter.php(355): CodeIgniter\CodeIgniter->handleRequest(null, Object(Config\Cache), false)
 7 SYSTEMPATH/Boot.php(334): CodeIgniter\CodeIgniter->run()
 8 SYSTEMPATH/Boot.php(67): CodeIgniter\Boot::runCodeIgniter(Object(CodeIgniter\CodeIgniter))
 9 FCPATH/index.php(56): CodeIgniter\Boot::bootWeb(Object(Config\Paths))
10 SYSTEMPATH/rewrite.php(44): require_once('/Applications/XAMPP/xamppfiles/htdocs/health-app/public/index.php')
CRITICAL - 2024-12-29 13:04:15 --> Error: Call to undefined method CodeIgniter\Security\Security::skipCSRF()
[Method: POST, Route: login]
in APPPATH/Filters/NoCSRF.php on line 14.
 1 SYSTEMPATH/Filters/Filters.php(203): App\Filters\NoCSRF->before(Object(CodeIgniter\HTTP\IncomingRequest), null)
 2 SYSTEMPATH/Filters/Filters.php(184): CodeIgniter\Filters\Filters->runBefore([...])
 3 SYSTEMPATH/CodeIgniter.php(481): CodeIgniter\Filters\Filters->run('login', 'before')
 4 SYSTEMPATH/CodeIgniter.php(355): CodeIgniter\CodeIgniter->handleRequest(null, Object(Config\Cache), false)
 5 SYSTEMPATH/Boot.php(334): CodeIgniter\CodeIgniter->run()
 6 SYSTEMPATH/Boot.php(67): CodeIgniter\Boot::runCodeIgniter(Object(CodeIgniter\CodeIgniter))
 7 FCPATH/index.php(56): CodeIgniter\Boot::bootWeb(Object(Config\Paths))
 8 SYSTEMPATH/rewrite.php(44): require_once('/Applications/XAMPP/xamppfiles/htdocs/health-app/public/index.php')
CRITICAL - 2024-12-29 13:04:25 --> CodeIgniter\Filters\Exceptions\FilterException: "noCSRF" filter must have a matching alias defined.
[Method: POST, Route: login]
in SYSTEMPATH/Filters/Filters.php on line 495.
 1 SYSTEMPATH/Filters/Filters.php(495): CodeIgniter\Filters\Exceptions\FilterException::forNoAlias('noCSRF')
 2 SYSTEMPATH/Filters/Filters.php(547): CodeIgniter\Filters\Filters->enableFilter('noCSRF', 'before')
 3 SYSTEMPATH/CodeIgniter.php(469): CodeIgniter\Filters\Filters->enableFilters([...], 'before')
 4 SYSTEMPATH/CodeIgniter.php(355): CodeIgniter\CodeIgniter->handleRequest(null, Object(Config\Cache), false)
 5 SYSTEMPATH/Boot.php(334): CodeIgniter\CodeIgniter->run()
 6 SYSTEMPATH/Boot.php(67): CodeIgniter\Boot::runCodeIgniter(Object(CodeIgniter\CodeIgniter))
 7 FCPATH/index.php(56): CodeIgniter\Boot::bootWeb(Object(Config\Paths))
 8 SYSTEMPATH/rewrite.php(44): require_once('/Applications/XAMPP/xamppfiles/htdocs/health-app/public/index.php')
CRITICAL - 2024-12-29 13:04:54 --> Error: Class "App\Filters\Services" not found
[Method: GET, Route: api/products/search]
in APPPATH/Filters/JwtFilter.php on line 18.
 1 SYSTEMPATH/Filters/Filters.php(203): App\Filters\JwtFilter->before(Object(CodeIgniter\HTTP\IncomingRequest), null)
 2 SYSTEMPATH/Filters/Filters.php(184): CodeIgniter\Filters\Filters->runBefore([...])
 3 SYSTEMPATH/CodeIgniter.php(481): CodeIgniter\Filters\Filters->run('api/products/search', 'before')
 4 SYSTEMPATH/CodeIgniter.php(355): CodeIgniter\CodeIgniter->handleRequest(null, Object(Config\Cache), false)
 5 SYSTEMPATH/Boot.php(334): CodeIgniter\CodeIgniter->run()
 6 SYSTEMPATH/Boot.php(67): CodeIgniter\Boot::runCodeIgniter(Object(CodeIgniter\CodeIgniter))
 7 FCPATH/index.php(56): CodeIgniter\Boot::bootWeb(Object(Config\Paths))
 8 SYSTEMPATH/rewrite.php(44): require_once('/Applications/XAMPP/xamppfiles/htdocs/health-app/public/index.php')
CRITICAL - 2024-12-29 13:05:51 --> CodeIgniter\HTTP\Exceptions\BadRequestException: The URI you submitted has disallowed characters: "products
"
[Method: GET, Route: api/products%0A]
in SYSTEMPATH/Router/Router.php on line 737.
 1 SYSTEMPATH/Router/Router.php(204): CodeIgniter\Router\Router->checkDisallowedChars('api/products
')
 2 SYSTEMPATH/CodeIgniter.php(834): CodeIgniter\Router\Router->handle('api/products
')
 3 SYSTEMPATH/CodeIgniter.php(457): CodeIgniter\CodeIgniter->tryToRouteIt(Object(CodeIgniter\Router\RouteCollection))
 4 SYSTEMPATH/CodeIgniter.php(355): CodeIgniter\CodeIgniter->handleRequest(null, Object(Config\Cache), false)
 5 SYSTEMPATH/Boot.php(334): CodeIgniter\CodeIgniter->run()
 6 SYSTEMPATH/Boot.php(67): CodeIgniter\Boot::runCodeIgniter(Object(CodeIgniter\CodeIgniter))
 7 FCPATH/index.php(56): CodeIgniter\Boot::bootWeb(Object(Config\Paths))
 8 SYSTEMPATH/rewrite.php(44): require_once('/Applications/XAMPP/xamppfiles/htdocs/health-app/public/index.php')
CRITICAL - 2024-12-29 13:06:55 --> CodeIgniter\HTTP\Exceptions\BadRequestException: The URI you submitted has disallowed characters: "products
"
[Method: GET, Route: api/products%0A]
in SYSTEMPATH/Router/Router.php on line 737.
 1 SYSTEMPATH/Router/Router.php(204): CodeIgniter\Router\Router->checkDisallowedChars('api/products
')
 2 SYSTEMPATH/CodeIgniter.php(834): CodeIgniter\Router\Router->handle('api/products
')
 3 SYSTEMPATH/CodeIgniter.php(457): CodeIgniter\CodeIgniter->tryToRouteIt(Object(CodeIgniter\Router\RouteCollection))
 4 SYSTEMPATH/CodeIgniter.php(355): CodeIgniter\CodeIgniter->handleRequest(null, Object(Config\Cache), false)
 5 SYSTEMPATH/Boot.php(334): CodeIgniter\CodeIgniter->run()
 6 SYSTEMPATH/Boot.php(67): CodeIgniter\Boot::runCodeIgniter(Object(CodeIgniter\CodeIgniter))
 7 FCPATH/index.php(56): CodeIgniter\Boot::bootWeb(Object(Config\Paths))
 8 SYSTEMPATH/rewrite.php(44): require_once('/Applications/XAMPP/xamppfiles/htdocs/health-app/public/index.php')
CRITICAL - 2024-12-29 13:09:10 --> CodeIgniter\HTTP\Exceptions\BadRequestException: The URI you submitted has disallowed characters: "products
"
[Method: GET, Route: api/products%0A]
in SYSTEMPATH/Router/Router.php on line 737.
 1 SYSTEMPATH/Router/Router.php(204): CodeIgniter\Router\Router->checkDisallowedChars('api/products
')
 2 SYSTEMPATH/CodeIgniter.php(834): CodeIgniter\Router\Router->handle('api/products
')
 3 SYSTEMPATH/CodeIgniter.php(457): CodeIgniter\CodeIgniter->tryToRouteIt(Object(CodeIgniter\Router\RouteCollection))
 4 SYSTEMPATH/CodeIgniter.php(355): CodeIgniter\CodeIgniter->handleRequest(null, Object(Config\Cache), false)
 5 SYSTEMPATH/Boot.php(334): CodeIgniter\CodeIgniter->run()
 6 SYSTEMPATH/Boot.php(67): CodeIgniter\Boot::runCodeIgniter(Object(CodeIgniter\CodeIgniter))
 7 FCPATH/index.php(56): CodeIgniter\Boot::bootWeb(Object(Config\Paths))
 8 SYSTEMPATH/rewrite.php(44): require_once('/Applications/XAMPP/xamppfiles/htdocs/health-app/public/index.php')
CRITICAL - 2024-12-29 13:09:24 --> CodeIgniter\HTTP\Exceptions\BadRequestException: The URI you submitted has disallowed characters: "products
"
[Method: GET, Route: api/products%0A]
in SYSTEMPATH/Router/Router.php on line 737.
 1 SYSTEMPATH/Router/Router.php(204): CodeIgniter\Router\Router->checkDisallowedChars('api/products
')
 2 SYSTEMPATH/CodeIgniter.php(834): CodeIgniter\Router\Router->handle('api/products
')
 3 SYSTEMPATH/CodeIgniter.php(457): CodeIgniter\CodeIgniter->tryToRouteIt(Object(CodeIgniter\Router\RouteCollection))
 4 SYSTEMPATH/CodeIgniter.php(355): CodeIgniter\CodeIgniter->handleRequest(null, Object(Config\Cache), false)
 5 SYSTEMPATH/Boot.php(334): CodeIgniter\CodeIgniter->run()
 6 SYSTEMPATH/Boot.php(67): CodeIgniter\Boot::runCodeIgniter(Object(CodeIgniter\CodeIgniter))
 7 FCPATH/index.php(56): CodeIgniter\Boot::bootWeb(Object(Config\Paths))
 8 SYSTEMPATH/rewrite.php(44): require_once('/Applications/XAMPP/xamppfiles/htdocs/health-app/public/index.php')
CRITICAL - 2024-12-29 13:10:17 --> CodeIgniter\HTTP\Exceptions\BadRequestException: The URI you submitted has disallowed characters: "products
"
[Method: GET, Route: api/products%0A]
in SYSTEMPATH/Router/Router.php on line 737.
 1 SYSTEMPATH/Router/Router.php(204): CodeIgniter\Router\Router->checkDisallowedChars('api/products
')
 2 SYSTEMPATH/CodeIgniter.php(834): CodeIgniter\Router\Router->handle('api/products
')
 3 SYSTEMPATH/CodeIgniter.php(457): CodeIgniter\CodeIgniter->tryToRouteIt(Object(CodeIgniter\Router\RouteCollection))
 4 SYSTEMPATH/CodeIgniter.php(355): CodeIgniter\CodeIgniter->handleRequest(null, Object(Config\Cache), false)
 5 SYSTEMPATH/Boot.php(334): CodeIgniter\CodeIgniter->run()
 6 SYSTEMPATH/Boot.php(67): CodeIgniter\Boot::runCodeIgniter(Object(CodeIgniter\CodeIgniter))
 7 FCPATH/index.php(56): CodeIgniter\Boot::bootWeb(Object(Config\Paths))
 8 SYSTEMPATH/rewrite.php(44): require_once('/Applications/XAMPP/xamppfiles/htdocs/health-app/public/index.php')
CRITICAL - 2024-12-29 13:10:45 --> CodeIgniter\HTTP\Exceptions\BadRequestException: The URI you submitted has disallowed characters: "products
"
[Method: GET, Route: api/products%0A]
in SYSTEMPATH/Router/Router.php on line 737.
 1 SYSTEMPATH/Router/Router.php(204): CodeIgniter\Router\Router->checkDisallowedChars('api/products
')
 2 SYSTEMPATH/CodeIgniter.php(834): CodeIgniter\Router\Router->handle('api/products
')
 3 SYSTEMPATH/CodeIgniter.php(457): CodeIgniter\CodeIgniter->tryToRouteIt(Object(CodeIgniter\Router\RouteCollection))
 4 SYSTEMPATH/CodeIgniter.php(355): CodeIgniter\CodeIgniter->handleRequest(null, Object(Config\Cache), false)
 5 SYSTEMPATH/Boot.php(334): CodeIgniter\CodeIgniter->run()
 6 SYSTEMPATH/Boot.php(67): CodeIgniter\Boot::runCodeIgniter(Object(CodeIgniter\CodeIgniter))
 7 FCPATH/index.php(56): CodeIgniter\Boot::bootWeb(Object(Config\Paths))
 8 SYSTEMPATH/rewrite.php(44): require_once('/Applications/XAMPP/xamppfiles/htdocs/health-app/public/index.php')
CRITICAL - 2024-12-29 15:28:00 --> Error: Class "App\Filters\Services" not found
[Method: GET, Route: api/products/1]
in APPPATH/Filters/JwtFilter.php on line 26.
 1 SYSTEMPATH/Filters/Filters.php(203): App\Filters\JwtFilter->before(Object(CodeIgniter\HTTP\IncomingRequest), null)
 2 SYSTEMPATH/Filters/Filters.php(184): CodeIgniter\Filters\Filters->runBefore([...])
 3 SYSTEMPATH/CodeIgniter.php(481): CodeIgniter\Filters\Filters->run('api/products/1', 'before')
 4 SYSTEMPATH/CodeIgniter.php(355): CodeIgniter\CodeIgniter->handleRequest(null, Object(Config\Cache), false)
 5 SYSTEMPATH/Boot.php(334): CodeIgniter\CodeIgniter->run()
 6 SYSTEMPATH/Boot.php(67): CodeIgniter\Boot::runCodeIgniter(Object(CodeIgniter\CodeIgniter))
 7 FCPATH/index.php(56): CodeIgniter\Boot::bootWeb(Object(Config\Paths))
 8 SYSTEMPATH/rewrite.php(44): require_once('/Applications/XAMPP/xamppfiles/htdocs/health-app/public/index.php')
CRITICAL - 2024-12-29 15:28:12 --> Error: Class "App\Filters\Services" not found
[Method: GET, Route: api/products/catalog]
in APPPATH/Filters/JwtFilter.php on line 26.
 1 SYSTEMPATH/Filters/Filters.php(203): App\Filters\JwtFilter->before(Object(CodeIgniter\HTTP\IncomingRequest), null)
 2 SYSTEMPATH/Filters/Filters.php(184): CodeIgniter\Filters\Filters->runBefore([...])
 3 SYSTEMPATH/CodeIgniter.php(481): CodeIgniter\Filters\Filters->run('api/products/catalog', 'before')
 4 SYSTEMPATH/CodeIgniter.php(355): CodeIgniter\CodeIgniter->handleRequest(null, Object(Config\Cache), false)
 5 SYSTEMPATH/Boot.php(334): CodeIgniter\CodeIgniter->run()
 6 SYSTEMPATH/Boot.php(67): CodeIgniter\Boot::runCodeIgniter(Object(CodeIgniter\CodeIgniter))
 7 FCPATH/index.php(56): CodeIgniter\Boot::bootWeb(Object(Config\Paths))
 8 SYSTEMPATH/rewrite.php(44): require_once('/Applications/XAMPP/xamppfiles/htdocs/health-app/public/index.php')
CRITICAL - 2024-12-29 15:28:14 --> Error: Class "App\Filters\Services" not found
[Method: GET, Route: api/products/catalog]
in APPPATH/Filters/JwtFilter.php on line 26.
 1 SYSTEMPATH/Filters/Filters.php(203): App\Filters\JwtFilter->before(Object(CodeIgniter\HTTP\IncomingRequest), null)
 2 SYSTEMPATH/Filters/Filters.php(184): CodeIgniter\Filters\Filters->runBefore([...])
 3 SYSTEMPATH/CodeIgniter.php(481): CodeIgniter\Filters\Filters->run('api/products/catalog', 'before')
 4 SYSTEMPATH/CodeIgniter.php(355): CodeIgniter\CodeIgniter->handleRequest(null, Object(Config\Cache), false)
 5 SYSTEMPATH/Boot.php(334): CodeIgniter\CodeIgniter->run()
 6 SYSTEMPATH/Boot.php(67): CodeIgniter\Boot::runCodeIgniter(Object(CodeIgniter\CodeIgniter))
 7 FCPATH/index.php(56): CodeIgniter\Boot::bootWeb(Object(Config\Paths))
 8 SYSTEMPATH/rewrite.php(44): require_once('/Applications/XAMPP/xamppfiles/htdocs/health-app/public/index.php')
CRITICAL - 2024-12-29 15:40:10 --> Error: Call to undefined method App\Controllers\OrderController::fail()
[Method: POST, Route: api/orders]
in APPPATH/Controllers/OrderController.php on line 70.
 1 SYSTEMPATH/CodeIgniter.php(933): App\Controllers\OrderController->create()
 2 SYSTEMPATH/CodeIgniter.php(509): CodeIgniter\CodeIgniter->runController(Object(App\Controllers\OrderController))
 3 SYSTEMPATH/CodeIgniter.php(355): CodeIgniter\CodeIgniter->handleRequest(null, Object(Config\Cache), false)
 4 SYSTEMPATH/Boot.php(334): CodeIgniter\CodeIgniter->run()
 5 SYSTEMPATH/Boot.php(67): CodeIgniter\Boot::runCodeIgniter(Object(CodeIgniter\CodeIgniter))
 6 FCPATH/index.php(56): CodeIgniter\Boot::bootWeb(Object(Config\Paths))
 7 SYSTEMPATH/rewrite.php(44): require_once('/Applications/XAMPP/xamppfiles/htdocs/health-app/public/index.php')
CRITICAL - 2024-12-29 15:42:23 --> ErrorException: Undefined variable $userId
[Method: POST, Route: api/orders]
in APPPATH/Controllers/OrderController.php on line 43.
 1 APPPATH/Controllers/OrderController.php(43): CodeIgniter\Debug\Exceptions->errorHandler(2, 'Undefined variable $userId', '/Applications/XAMPP/xamppfiles/htdocs/health-app/app/Controllers/OrderController.php', 43)
 2 SYSTEMPATH/CodeIgniter.php(933): App\Controllers\OrderController->create()
 3 SYSTEMPATH/CodeIgniter.php(509): CodeIgniter\CodeIgniter->runController(Object(App\Controllers\OrderController))
 4 SYSTEMPATH/CodeIgniter.php(355): CodeIgniter\CodeIgniter->handleRequest(null, Object(Config\Cache), false)
 5 SYSTEMPATH/Boot.php(334): CodeIgniter\CodeIgniter->run()
 6 SYSTEMPATH/Boot.php(67): CodeIgniter\Boot::runCodeIgniter(Object(CodeIgniter\CodeIgniter))
 7 FCPATH/index.php(56): CodeIgniter\Boot::bootWeb(Object(Config\Paths))
 8 SYSTEMPATH/rewrite.php(44): require_once('/Applications/XAMPP/xamppfiles/htdocs/health-app/public/index.php')
CRITICAL - 2024-12-29 15:43:36 --> ErrorException: Undefined variable $userId
[Method: POST, Route: api/orders]
in APPPATH/Controllers/OrderController.php on line 43.
 1 APPPATH/Controllers/OrderController.php(43): CodeIgniter\Debug\Exceptions->errorHandler(2, 'Undefined variable $userId', '/Applications/XAMPP/xamppfiles/htdocs/health-app/app/Controllers/OrderController.php', 43)
 2 SYSTEMPATH/CodeIgniter.php(933): App\Controllers\OrderController->create()
 3 SYSTEMPATH/CodeIgniter.php(509): CodeIgniter\CodeIgniter->runController(Object(App\Controllers\OrderController))
 4 SYSTEMPATH/CodeIgniter.php(355): CodeIgniter\CodeIgniter->handleRequest(null, Object(Config\Cache), false)
 5 SYSTEMPATH/Boot.php(334): CodeIgniter\CodeIgniter->run()
 6 SYSTEMPATH/Boot.php(67): CodeIgniter\Boot::runCodeIgniter(Object(CodeIgniter\CodeIgniter))
 7 FCPATH/index.php(56): CodeIgniter\Boot::bootWeb(Object(Config\Paths))
 8 SYSTEMPATH/rewrite.php(44): require_once('/Applications/XAMPP/xamppfiles/htdocs/health-app/public/index.php')
CRITICAL - 2024-12-29 15:43:57 --> Error: Call to undefined method App\Controllers\OrderController::fail()
[Method: POST, Route: api/orders]
in APPPATH/Controllers/OrderController.php on line 70.
 1 SYSTEMPATH/CodeIgniter.php(933): App\Controllers\OrderController->create()
 2 SYSTEMPATH/CodeIgniter.php(509): CodeIgniter\CodeIgniter->runController(Object(App\Controllers\OrderController))
 3 SYSTEMPATH/CodeIgniter.php(355): CodeIgniter\CodeIgniter->handleRequest(null, Object(Config\Cache), false)
 4 SYSTEMPATH/Boot.php(334): CodeIgniter\CodeIgniter->run()
 5 SYSTEMPATH/Boot.php(67): CodeIgniter\Boot::runCodeIgniter(Object(CodeIgniter\CodeIgniter))
 6 FCPATH/index.php(56): CodeIgniter\Boot::bootWeb(Object(Config\Paths))
 7 SYSTEMPATH/rewrite.php(44): require_once('/Applications/XAMPP/xamppfiles/htdocs/health-app/public/index.php')
CRITICAL - 2024-12-29 15:50:06 --> Error: Call to undefined method App\Controllers\OrderController::failNotFound()
[Method: GET, Route: api/orders/100]
in APPPATH/Controllers/OrderController.php on line 31.
 1 SYSTEMPATH/CodeIgniter.php(933): App\Controllers\OrderController->show('100')
 2 SYSTEMPATH/CodeIgniter.php(509): CodeIgniter\CodeIgniter->runController(Object(App\Controllers\OrderController))
 3 SYSTEMPATH/CodeIgniter.php(355): CodeIgniter\CodeIgniter->handleRequest(null, Object(Config\Cache), false)
 4 SYSTEMPATH/Boot.php(334): CodeIgniter\CodeIgniter->run()
 5 SYSTEMPATH/Boot.php(67): CodeIgniter\Boot::runCodeIgniter(Object(CodeIgniter\CodeIgniter))
 6 FCPATH/index.php(56): CodeIgniter\Boot::bootWeb(Object(Config\Paths))
 7 SYSTEMPATH/rewrite.php(44): require_once('/Applications/XAMPP/xamppfiles/htdocs/health-app/public/index.php')
CRITICAL - 2024-12-29 15:59:45 --> Error: Call to undefined method App\Controllers\OrderController::failForbidden()
[Method: GET, Route: api/orders/1/user/2]
in APPPATH/Controllers/OrderController.php on line 153.
 1 SYSTEMPATH/CodeIgniter.php(933): App\Controllers\OrderController->showDetail('2', '1')
 2 SYSTEMPATH/CodeIgniter.php(509): CodeIgniter\CodeIgniter->runController(Object(App\Controllers\OrderController))
 3 SYSTEMPATH/CodeIgniter.php(355): CodeIgniter\CodeIgniter->handleRequest(null, Object(Config\Cache), false)
 4 SYSTEMPATH/Boot.php(334): CodeIgniter\CodeIgniter->run()
 5 SYSTEMPATH/Boot.php(67): CodeIgniter\Boot::runCodeIgniter(Object(CodeIgniter\CodeIgniter))
 6 FCPATH/index.php(56): CodeIgniter\Boot::bootWeb(Object(Config\Paths))
 7 SYSTEMPATH/rewrite.php(44): require_once('/Applications/XAMPP/xamppfiles/htdocs/health-app/public/index.php')
CRITICAL - 2024-12-29 16:26:13 --> Error: Class "App\Controllers\OrderModel" not found
[Method: POST, Route: api/payments]
in APPPATH/Controllers/PaymentController.php on line 32.
 1 SYSTEMPATH/CodeIgniter.php(933): App\Controllers\PaymentController->create()
 2 SYSTEMPATH/CodeIgniter.php(509): CodeIgniter\CodeIgniter->runController(Object(App\Controllers\PaymentController))
 3 SYSTEMPATH/CodeIgniter.php(355): CodeIgniter\CodeIgniter->handleRequest(null, Object(Config\Cache), false)
 4 SYSTEMPATH/Boot.php(334): CodeIgniter\CodeIgniter->run()
 5 SYSTEMPATH/Boot.php(67): CodeIgniter\Boot::runCodeIgniter(Object(CodeIgniter\CodeIgniter))
 6 FCPATH/index.php(56): CodeIgniter\Boot::bootWeb(Object(Config\Paths))
 7 SYSTEMPATH/rewrite.php(44): require_once('/Applications/XAMPP/xamppfiles/htdocs/health-app/public/index.php')
CRITICAL - 2024-12-29 16:32:36 --> Error: Class "App\Filters\Services" not found
[Method: GET, Route: api/payments/history/1]
in APPPATH/Filters/JwtFilter.php on line 26.
 1 SYSTEMPATH/Filters/Filters.php(203): App\Filters\JwtFilter->before(Object(CodeIgniter\HTTP\IncomingRequest), null)
 2 SYSTEMPATH/Filters/Filters.php(184): CodeIgniter\Filters\Filters->runBefore([...])
 3 SYSTEMPATH/CodeIgniter.php(481): CodeIgniter\Filters\Filters->run('api/payments/history/1', 'before')
 4 SYSTEMPATH/CodeIgniter.php(355): CodeIgniter\CodeIgniter->handleRequest(null, Object(Config\Cache), false)
 5 SYSTEMPATH/Boot.php(334): CodeIgniter\CodeIgniter->run()
 6 SYSTEMPATH/Boot.php(67): CodeIgniter\Boot::runCodeIgniter(Object(CodeIgniter\CodeIgniter))
 7 FCPATH/index.php(56): CodeIgniter\Boot::bootWeb(Object(Config\Paths))
 8 SYSTEMPATH/rewrite.php(44): require_once('/Applications/XAMPP/xamppfiles/htdocs/health-app/public/index.php')
