ERROR - 2025-01-05 19:09:11 --> Error connecting to the database: mysqli_sql_exception: No such file or directory in /Applications/XAMPP/xamppfiles/htdocs/II3160-TST-K2-Kel10/system/Database/MySQLi/Connection.php:186
Stack trace:
#0 /Applications/XAMPP/xamppfiles/htdocs/II3160-TST-K2-Kel10/system/Database/MySQLi/Connection.php(186): mysqli->real_connect('localhost', 'root', Object(SensitiveParameterValue), 'online_medicine', 3306, '', 0)
#1 /Applications/XAMPP/xamppfiles/htdocs/II3160-TST-K2-Kel10/system/Database/BaseConnection.php(421): CodeIgniter\Database\MySQLi\Connection->connect(false)
#2 /Applications/XAMPP/xamppfiles/htdocs/II3160-TST-K2-Kel10/system/Database/BaseConnection.php(616): CodeIgniter\Database\BaseConnection->initialize()
#3 /Applications/XAMPP/xamppfiles/htdocs/II3160-TST-K2-Kel10/system/Database/BaseBuilder.php(1644): CodeIgniter\Database\BaseConnection->query('SELECT *\nFROM `...', Array, false)
#4 /Applications/XAMPP/xamppfiles/htdocs/II3160-TST-K2-Kel10/system/Model.php(330): CodeIgniter\Database\BaseBuilder->get()
#5 /Applications/XAMPP/xamppfiles/htdocs/II3160-TST-K2-Kel10/system/BaseModel.php(713): CodeIgniter\Model->doFirst()
#6 /Applications/XAMPP/xamppfiles/htdocs/II3160-TST-K2-Kel10/app/Models/UserModel.php(18): CodeIgniter\BaseModel->first()
#7 /Applications/XAMPP/xamppfiles/htdocs/II3160-TST-K2-Kel10/app/Controllers/AuthController.php(17): App\Models\UserModel->validateUser('farah@example.c...', '482c811da5d5b4b...')
#8 /Applications/XAMPP/xamppfiles/htdocs/II3160-TST-K2-Kel10/system/CodeIgniter.php(933): App\Controllers\AuthController->login()
#9 /Applications/XAMPP/xamppfiles/htdocs/II3160-TST-K2-Kel10/system/CodeIgniter.php(509): CodeIgniter\CodeIgniter->runController(Object(App\Controllers\AuthController))
#10 /Applications/XAMPP/xamppfiles/htdocs/II3160-TST-K2-Kel10/system/CodeIgniter.php(355): CodeIgniter\CodeIgniter->handleRequest(NULL, Object(Config\Cache), false)
#11 /Applications/XAMPP/xamppfiles/htdocs/II3160-TST-K2-Kel10/system/Boot.php(334): CodeIgniter\CodeIgniter->run()
#12 /Applications/XAMPP/xamppfiles/htdocs/II3160-TST-K2-Kel10/system/Boot.php(67): CodeIgniter\Boot::runCodeIgniter(Object(CodeIgniter\CodeIgniter))
#13 /Applications/XAMPP/xamppfiles/htdocs/II3160-TST-K2-Kel10/public/index.php(56): CodeIgniter\Boot::bootWeb(Object(Config\Paths))
#14 /Applications/XAMPP/xamppfiles/htdocs/II3160-TST-K2-Kel10/system/rewrite.php(44): require_once('/Applications/X...')
#15 {main}

Next CodeIgniter\Database\Exceptions\DatabaseException: No such file or directory in /Applications/XAMPP/xamppfiles/htdocs/II3160-TST-K2-Kel10/system/Database/MySQLi/Connection.php:231
Stack trace:
#0 /Applications/XAMPP/xamppfiles/htdocs/II3160-TST-K2-Kel10/system/Database/BaseConnection.php(421): CodeIgniter\Database\MySQLi\Connection->connect(false)
#1 /Applications/XAMPP/xamppfiles/htdocs/II3160-TST-K2-Kel10/system/Database/BaseConnection.php(616): CodeIgniter\Database\BaseConnection->initialize()
#2 /Applications/XAMPP/xamppfiles/htdocs/II3160-TST-K2-Kel10/system/Database/BaseBuilder.php(1644): CodeIgniter\Database\BaseConnection->query('SELECT *\nFROM `...', Array, false)
#3 /Applications/XAMPP/xamppfiles/htdocs/II3160-TST-K2-Kel10/system/Model.php(330): CodeIgniter\Database\BaseBuilder->get()
#4 /Applications/XAMPP/xamppfiles/htdocs/II3160-TST-K2-Kel10/system/BaseModel.php(713): CodeIgniter\Model->doFirst()
#5 /Applications/XAMPP/xamppfiles/htdocs/II3160-TST-K2-Kel10/app/Models/UserModel.php(18): CodeIgniter\BaseModel->first()
#6 /Applications/XAMPP/xamppfiles/htdocs/II3160-TST-K2-Kel10/app/Controllers/AuthController.php(17): App\Models\UserModel->validateUser('farah@example.c...', '482c811da5d5b4b...')
#7 /Applications/XAMPP/xamppfiles/htdocs/II3160-TST-K2-Kel10/system/CodeIgniter.php(933): App\Controllers\AuthController->login()
#8 /Applications/XAMPP/xamppfiles/htdocs/II3160-TST-K2-Kel10/system/CodeIgniter.php(509): CodeIgniter\CodeIgniter->runController(Object(App\Controllers\AuthController))
#9 /Applications/XAMPP/xamppfiles/htdocs/II3160-TST-K2-Kel10/system/CodeIgniter.php(355): CodeIgniter\CodeIgniter->handleRequest(NULL, Object(Config\Cache), false)
#10 /Applications/XAMPP/xamppfiles/htdocs/II3160-TST-K2-Kel10/system/Boot.php(334): CodeIgniter\CodeIgniter->run()
#11 /Applications/XAMPP/xamppfiles/htdocs/II3160-TST-K2-Kel10/system/Boot.php(67): CodeIgniter\Boot::runCodeIgniter(Object(CodeIgniter\CodeIgniter))
#12 /Applications/XAMPP/xamppfiles/htdocs/II3160-TST-K2-Kel10/public/index.php(56): CodeIgniter\Boot::bootWeb(Object(Config\Paths))
#13 /Applications/XAMPP/xamppfiles/htdocs/II3160-TST-K2-Kel10/system/rewrite.php(44): require_once('/Applications/X...')
#14 {main}
CRITICAL - 2025-01-05 19:09:11 --> CodeIgniter\Database\Exceptions\DatabaseException: Unable to connect to the database.
Main connection [MySQLi]: No such file or directory
[Method: POST, Route: login]
in SYSTEMPATH/Database/BaseConnection.php on line 467.
 1 SYSTEMPATH/Database/BaseConnection.php(616): CodeIgniter\Database\BaseConnection->initialize()
 2 SYSTEMPATH/Database/BaseBuilder.php(1644): CodeIgniter\Database\BaseConnection->query('SELECT *
FROM `users`
WHERE `email` = :email:
AND `password` = :password:
 LIMIT 1', [...], false)
 3 SYSTEMPATH/Model.php(330): CodeIgniter\Database\BaseBuilder->get()
 4 SYSTEMPATH/BaseModel.php(713): CodeIgniter\Model->doFirst()
 5 APPPATH/Models/UserModel.php(18): CodeIgniter\BaseModel->first()
 6 APPPATH/Controllers/AuthController.php(17): App\Models\UserModel->validateUser('farah@example.com', '482c811da5d5b4bc6d497ffa98491e38')
 7 SYSTEMPATH/CodeIgniter.php(933): App\Controllers\AuthController->login()
 8 SYSTEMPATH/CodeIgniter.php(509): CodeIgniter\CodeIgniter->runController(Object(App\Controllers\AuthController))
 9 SYSTEMPATH/CodeIgniter.php(355): CodeIgniter\CodeIgniter->handleRequest(null, Object(Config\Cache), false)
10 SYSTEMPATH/Boot.php(334): CodeIgniter\CodeIgniter->run()
11 SYSTEMPATH/Boot.php(67): CodeIgniter\Boot::runCodeIgniter(Object(CodeIgniter\CodeIgniter))
12 FCPATH/index.php(56): CodeIgniter\Boot::bootWeb(Object(Config\Paths))
13 SYSTEMPATH/rewrite.php(44): require_once('/Applications/XAMPP/xamppfiles/htdocs/II3160-TST-K2-Kel10/public/index.php')
ERROR - 2025-01-05 19:09:16 --> Error connecting to the database: mysqli_sql_exception: No such file or directory in /Applications/XAMPP/xamppfiles/htdocs/II3160-TST-K2-Kel10/system/Database/MySQLi/Connection.php:186
Stack trace:
#0 /Applications/XAMPP/xamppfiles/htdocs/II3160-TST-K2-Kel10/system/Database/MySQLi/Connection.php(186): mysqli->real_connect('localhost', 'root', Object(SensitiveParameterValue), 'online_medicine', 3306, '', 0)
#1 /Applications/XAMPP/xamppfiles/htdocs/II3160-TST-K2-Kel10/system/Database/BaseConnection.php(421): CodeIgniter\Database\MySQLi\Connection->connect(false)
#2 /Applications/XAMPP/xamppfiles/htdocs/II3160-TST-K2-Kel10/system/Database/BaseConnection.php(616): CodeIgniter\Database\BaseConnection->initialize()
#3 /Applications/XAMPP/xamppfiles/htdocs/II3160-TST-K2-Kel10/system/Database/BaseBuilder.php(1644): CodeIgniter\Database\BaseConnection->query('SELECT *\nFROM `...', Array, false)
#4 /Applications/XAMPP/xamppfiles/htdocs/II3160-TST-K2-Kel10/system/Model.php(330): CodeIgniter\Database\BaseBuilder->get()
#5 /Applications/XAMPP/xamppfiles/htdocs/II3160-TST-K2-Kel10/system/BaseModel.php(713): CodeIgniter\Model->doFirst()
#6 /Applications/XAMPP/xamppfiles/htdocs/II3160-TST-K2-Kel10/app/Models/UserModel.php(18): CodeIgniter\BaseModel->first()
#7 /Applications/XAMPP/xamppfiles/htdocs/II3160-TST-K2-Kel10/app/Controllers/AuthController.php(17): App\Models\UserModel->validateUser('farah@example.c...', '482c811da5d5b4b...')
#8 /Applications/XAMPP/xamppfiles/htdocs/II3160-TST-K2-Kel10/system/CodeIgniter.php(933): App\Controllers\AuthController->login()
#9 /Applications/XAMPP/xamppfiles/htdocs/II3160-TST-K2-Kel10/system/CodeIgniter.php(509): CodeIgniter\CodeIgniter->runController(Object(App\Controllers\AuthController))
#10 /Applications/XAMPP/xamppfiles/htdocs/II3160-TST-K2-Kel10/system/CodeIgniter.php(355): CodeIgniter\CodeIgniter->handleRequest(NULL, Object(Config\Cache), false)
#11 /Applications/XAMPP/xamppfiles/htdocs/II3160-TST-K2-Kel10/system/Boot.php(334): CodeIgniter\CodeIgniter->run()
#12 /Applications/XAMPP/xamppfiles/htdocs/II3160-TST-K2-Kel10/system/Boot.php(67): CodeIgniter\Boot::runCodeIgniter(Object(CodeIgniter\CodeIgniter))
#13 /Applications/XAMPP/xamppfiles/htdocs/II3160-TST-K2-Kel10/public/index.php(56): CodeIgniter\Boot::bootWeb(Object(Config\Paths))
#14 /Applications/XAMPP/xamppfiles/htdocs/II3160-TST-K2-Kel10/system/rewrite.php(44): require_once('/Applications/X...')
#15 {main}

Next CodeIgniter\Database\Exceptions\DatabaseException: No such file or directory in /Applications/XAMPP/xamppfiles/htdocs/II3160-TST-K2-Kel10/system/Database/MySQLi/Connection.php:231
Stack trace:
#0 /Applications/XAMPP/xamppfiles/htdocs/II3160-TST-K2-Kel10/system/Database/BaseConnection.php(421): CodeIgniter\Database\MySQLi\Connection->connect(false)
#1 /Applications/XAMPP/xamppfiles/htdocs/II3160-TST-K2-Kel10/system/Database/BaseConnection.php(616): CodeIgniter\Database\BaseConnection->initialize()
#2 /Applications/XAMPP/xamppfiles/htdocs/II3160-TST-K2-Kel10/system/Database/BaseBuilder.php(1644): CodeIgniter\Database\BaseConnection->query('SELECT *\nFROM `...', Array, false)
#3 /Applications/XAMPP/xamppfiles/htdocs/II3160-TST-K2-Kel10/system/Model.php(330): CodeIgniter\Database\BaseBuilder->get()
#4 /Applications/XAMPP/xamppfiles/htdocs/II3160-TST-K2-Kel10/system/BaseModel.php(713): CodeIgniter\Model->doFirst()
#5 /Applications/XAMPP/xamppfiles/htdocs/II3160-TST-K2-Kel10/app/Models/UserModel.php(18): CodeIgniter\BaseModel->first()
#6 /Applications/XAMPP/xamppfiles/htdocs/II3160-TST-K2-Kel10/app/Controllers/AuthController.php(17): App\Models\UserModel->validateUser('farah@example.c...', '482c811da5d5b4b...')
#7 /Applications/XAMPP/xamppfiles/htdocs/II3160-TST-K2-Kel10/system/CodeIgniter.php(933): App\Controllers\AuthController->login()
#8 /Applications/XAMPP/xamppfiles/htdocs/II3160-TST-K2-Kel10/system/CodeIgniter.php(509): CodeIgniter\CodeIgniter->runController(Object(App\Controllers\AuthController))
#9 /Applications/XAMPP/xamppfiles/htdocs/II3160-TST-K2-Kel10/system/CodeIgniter.php(355): CodeIgniter\CodeIgniter->handleRequest(NULL, Object(Config\Cache), false)
#10 /Applications/XAMPP/xamppfiles/htdocs/II3160-TST-K2-Kel10/system/Boot.php(334): CodeIgniter\CodeIgniter->run()
#11 /Applications/XAMPP/xamppfiles/htdocs/II3160-TST-K2-Kel10/system/Boot.php(67): CodeIgniter\Boot::runCodeIgniter(Object(CodeIgniter\CodeIgniter))
#12 /Applications/XAMPP/xamppfiles/htdocs/II3160-TST-K2-Kel10/public/index.php(56): CodeIgniter\Boot::bootWeb(Object(Config\Paths))
#13 /Applications/XAMPP/xamppfiles/htdocs/II3160-TST-K2-Kel10/system/rewrite.php(44): require_once('/Applications/X...')
#14 {main}
CRITICAL - 2025-01-05 19:09:16 --> CodeIgniter\Database\Exceptions\DatabaseException: Unable to connect to the database.
Main connection [MySQLi]: No such file or directory
[Method: POST, Route: login]
in SYSTEMPATH/Database/BaseConnection.php on line 467.
 1 SYSTEMPATH/Database/BaseConnection.php(616): CodeIgniter\Database\BaseConnection->initialize()
 2 SYSTEMPATH/Database/BaseBuilder.php(1644): CodeIgniter\Database\BaseConnection->query('SELECT *
FROM `users`
WHERE `email` = :email:
AND `password` = :password:
 LIMIT 1', [...], false)
 3 SYSTEMPATH/Model.php(330): CodeIgniter\Database\BaseBuilder->get()
 4 SYSTEMPATH/BaseModel.php(713): CodeIgniter\Model->doFirst()
 5 APPPATH/Models/UserModel.php(18): CodeIgniter\BaseModel->first()
 6 APPPATH/Controllers/AuthController.php(17): App\Models\UserModel->validateUser('farah@example.com', '482c811da5d5b4bc6d497ffa98491e38')
 7 SYSTEMPATH/CodeIgniter.php(933): App\Controllers\AuthController->login()
 8 SYSTEMPATH/CodeIgniter.php(509): CodeIgniter\CodeIgniter->runController(Object(App\Controllers\AuthController))
 9 SYSTEMPATH/CodeIgniter.php(355): CodeIgniter\CodeIgniter->handleRequest(null, Object(Config\Cache), false)
10 SYSTEMPATH/Boot.php(334): CodeIgniter\CodeIgniter->run()
11 SYSTEMPATH/Boot.php(67): CodeIgniter\Boot::runCodeIgniter(Object(CodeIgniter\CodeIgniter))
12 FCPATH/index.php(56): CodeIgniter\Boot::bootWeb(Object(Config\Paths))
13 SYSTEMPATH/rewrite.php(44): require_once('/Applications/XAMPP/xamppfiles/htdocs/II3160-TST-K2-Kel10/public/index.php')
ERROR - 2025-01-05 19:09:43 --> Error connecting to the database: mysqli_sql_exception: No such file or directory in /Applications/XAMPP/xamppfiles/htdocs/II3160-TST-K2-Kel10/system/Database/MySQLi/Connection.php:186
Stack trace:
#0 /Applications/XAMPP/xamppfiles/htdocs/II3160-TST-K2-Kel10/system/Database/MySQLi/Connection.php(186): mysqli->real_connect('localhost', 'root', Object(SensitiveParameterValue), 'online_medicine', 3306, '', 0)
#1 /Applications/XAMPP/xamppfiles/htdocs/II3160-TST-K2-Kel10/system/Database/BaseConnection.php(421): CodeIgniter\Database\MySQLi\Connection->connect(false)
#2 /Applications/XAMPP/xamppfiles/htdocs/II3160-TST-K2-Kel10/system/Database/BaseConnection.php(616): CodeIgniter\Database\BaseConnection->initialize()
#3 /Applications/XAMPP/xamppfiles/htdocs/II3160-TST-K2-Kel10/system/Database/BaseBuilder.php(1644): CodeIgniter\Database\BaseConnection->query('SELECT *\nFROM `...', Array, false)
#4 /Applications/XAMPP/xamppfiles/htdocs/II3160-TST-K2-Kel10/system/Model.php(330): CodeIgniter\Database\BaseBuilder->get()
#5 /Applications/XAMPP/xamppfiles/htdocs/II3160-TST-K2-Kel10/system/BaseModel.php(713): CodeIgniter\Model->doFirst()
#6 /Applications/XAMPP/xamppfiles/htdocs/II3160-TST-K2-Kel10/app/Models/UserModel.php(18): CodeIgniter\BaseModel->first()
#7 /Applications/XAMPP/xamppfiles/htdocs/II3160-TST-K2-Kel10/app/Controllers/AuthController.php(17): App\Models\UserModel->validateUser('farah@example.c...', '482c811da5d5b4b...')
#8 /Applications/XAMPP/xamppfiles/htdocs/II3160-TST-K2-Kel10/system/CodeIgniter.php(933): App\Controllers\AuthController->login()
#9 /Applications/XAMPP/xamppfiles/htdocs/II3160-TST-K2-Kel10/system/CodeIgniter.php(509): CodeIgniter\CodeIgniter->runController(Object(App\Controllers\AuthController))
#10 /Applications/XAMPP/xamppfiles/htdocs/II3160-TST-K2-Kel10/system/CodeIgniter.php(355): CodeIgniter\CodeIgniter->handleRequest(NULL, Object(Config\Cache), false)
#11 /Applications/XAMPP/xamppfiles/htdocs/II3160-TST-K2-Kel10/system/Boot.php(334): CodeIgniter\CodeIgniter->run()
#12 /Applications/XAMPP/xamppfiles/htdocs/II3160-TST-K2-Kel10/system/Boot.php(67): CodeIgniter\Boot::runCodeIgniter(Object(CodeIgniter\CodeIgniter))
#13 /Applications/XAMPP/xamppfiles/htdocs/II3160-TST-K2-Kel10/public/index.php(56): CodeIgniter\Boot::bootWeb(Object(Config\Paths))
#14 /Applications/XAMPP/xamppfiles/htdocs/II3160-TST-K2-Kel10/system/rewrite.php(44): require_once('/Applications/X...')
#15 {main}

Next CodeIgniter\Database\Exceptions\DatabaseException: No such file or directory in /Applications/XAMPP/xamppfiles/htdocs/II3160-TST-K2-Kel10/system/Database/MySQLi/Connection.php:231
Stack trace:
#0 /Applications/XAMPP/xamppfiles/htdocs/II3160-TST-K2-Kel10/system/Database/BaseConnection.php(421): CodeIgniter\Database\MySQLi\Connection->connect(false)
#1 /Applications/XAMPP/xamppfiles/htdocs/II3160-TST-K2-Kel10/system/Database/BaseConnection.php(616): CodeIgniter\Database\BaseConnection->initialize()
#2 /Applications/XAMPP/xamppfiles/htdocs/II3160-TST-K2-Kel10/system/Database/BaseBuilder.php(1644): CodeIgniter\Database\BaseConnection->query('SELECT *\nFROM `...', Array, false)
#3 /Applications/XAMPP/xamppfiles/htdocs/II3160-TST-K2-Kel10/system/Model.php(330): CodeIgniter\Database\BaseBuilder->get()
#4 /Applications/XAMPP/xamppfiles/htdocs/II3160-TST-K2-Kel10/system/BaseModel.php(713): CodeIgniter\Model->doFirst()
#5 /Applications/XAMPP/xamppfiles/htdocs/II3160-TST-K2-Kel10/app/Models/UserModel.php(18): CodeIgniter\BaseModel->first()
#6 /Applications/XAMPP/xamppfiles/htdocs/II3160-TST-K2-Kel10/app/Controllers/AuthController.php(17): App\Models\UserModel->validateUser('farah@example.c...', '482c811da5d5b4b...')
#7 /Applications/XAMPP/xamppfiles/htdocs/II3160-TST-K2-Kel10/system/CodeIgniter.php(933): App\Controllers\AuthController->login()
#8 /Applications/XAMPP/xamppfiles/htdocs/II3160-TST-K2-Kel10/system/CodeIgniter.php(509): CodeIgniter\CodeIgniter->runController(Object(App\Controllers\AuthController))
#9 /Applications/XAMPP/xamppfiles/htdocs/II3160-TST-K2-Kel10/system/CodeIgniter.php(355): CodeIgniter\CodeIgniter->handleRequest(NULL, Object(Config\Cache), false)
#10 /Applications/XAMPP/xamppfiles/htdocs/II3160-TST-K2-Kel10/system/Boot.php(334): CodeIgniter\CodeIgniter->run()
#11 /Applications/XAMPP/xamppfiles/htdocs/II3160-TST-K2-Kel10/system/Boot.php(67): CodeIgniter\Boot::runCodeIgniter(Object(CodeIgniter\CodeIgniter))
#12 /Applications/XAMPP/xamppfiles/htdocs/II3160-TST-K2-Kel10/public/index.php(56): CodeIgniter\Boot::bootWeb(Object(Config\Paths))
#13 /Applications/XAMPP/xamppfiles/htdocs/II3160-TST-K2-Kel10/system/rewrite.php(44): require_once('/Applications/X...')
#14 {main}
CRITICAL - 2025-01-05 19:09:43 --> CodeIgniter\Database\Exceptions\DatabaseException: Unable to connect to the database.
Main connection [MySQLi]: No such file or directory
[Method: POST, Route: login]
in SYSTEMPATH/Database/BaseConnection.php on line 467.
 1 SYSTEMPATH/Database/BaseConnection.php(616): CodeIgniter\Database\BaseConnection->initialize()
 2 SYSTEMPATH/Database/BaseBuilder.php(1644): CodeIgniter\Database\BaseConnection->query('SELECT *
FROM `users`
WHERE `email` = :email:
AND `password` = :password:
 LIMIT 1', [...], false)
 3 SYSTEMPATH/Model.php(330): CodeIgniter\Database\BaseBuilder->get()
 4 SYSTEMPATH/BaseModel.php(713): CodeIgniter\Model->doFirst()
 5 APPPATH/Models/UserModel.php(18): CodeIgniter\BaseModel->first()
 6 APPPATH/Controllers/AuthController.php(17): App\Models\UserModel->validateUser('farah@example.com', '482c811da5d5b4bc6d497ffa98491e38')
 7 SYSTEMPATH/CodeIgniter.php(933): App\Controllers\AuthController->login()
 8 SYSTEMPATH/CodeIgniter.php(509): CodeIgniter\CodeIgniter->runController(Object(App\Controllers\AuthController))
 9 SYSTEMPATH/CodeIgniter.php(355): CodeIgniter\CodeIgniter->handleRequest(null, Object(Config\Cache), false)
10 SYSTEMPATH/Boot.php(334): CodeIgniter\CodeIgniter->run()
11 SYSTEMPATH/Boot.php(67): CodeIgniter\Boot::runCodeIgniter(Object(CodeIgniter\CodeIgniter))
12 FCPATH/index.php(56): CodeIgniter\Boot::bootWeb(Object(Config\Paths))
13 SYSTEMPATH/rewrite.php(44): require_once('/Applications/XAMPP/xamppfiles/htdocs/II3160-TST-K2-Kel10/public/index.php')
ERROR - 2025-01-05 19:10:00 --> Error connecting to the database: mysqli_sql_exception: No such file or directory in /Applications/XAMPP/xamppfiles/htdocs/II3160-TST-K2-Kel10/system/Database/MySQLi/Connection.php:186
Stack trace:
#0 /Applications/XAMPP/xamppfiles/htdocs/II3160-TST-K2-Kel10/system/Database/MySQLi/Connection.php(186): mysqli->real_connect('localhost', 'root', Object(SensitiveParameterValue), 'online_medicine', 3306, '', 0)
#1 /Applications/XAMPP/xamppfiles/htdocs/II3160-TST-K2-Kel10/system/Database/BaseConnection.php(421): CodeIgniter\Database\MySQLi\Connection->connect(false)
#2 /Applications/XAMPP/xamppfiles/htdocs/II3160-TST-K2-Kel10/system/Database/BaseConnection.php(616): CodeIgniter\Database\BaseConnection->initialize()
#3 /Applications/XAMPP/xamppfiles/htdocs/II3160-TST-K2-Kel10/system/Database/BaseBuilder.php(1644): CodeIgniter\Database\BaseConnection->query('SELECT *\nFROM `...', Array, false)
#4 /Applications/XAMPP/xamppfiles/htdocs/II3160-TST-K2-Kel10/system/Model.php(330): CodeIgniter\Database\BaseBuilder->get()
#5 /Applications/XAMPP/xamppfiles/htdocs/II3160-TST-K2-Kel10/system/BaseModel.php(713): CodeIgniter\Model->doFirst()
#6 /Applications/XAMPP/xamppfiles/htdocs/II3160-TST-K2-Kel10/app/Models/UserModel.php(18): CodeIgniter\BaseModel->first()
#7 /Applications/XAMPP/xamppfiles/htdocs/II3160-TST-K2-Kel10/app/Controllers/AuthController.php(17): App\Models\UserModel->validateUser('farah@example.c...', '482c811da5d5b4b...')
#8 /Applications/XAMPP/xamppfiles/htdocs/II3160-TST-K2-Kel10/system/CodeIgniter.php(933): App\Controllers\AuthController->login()
#9 /Applications/XAMPP/xamppfiles/htdocs/II3160-TST-K2-Kel10/system/CodeIgniter.php(509): CodeIgniter\CodeIgniter->runController(Object(App\Controllers\AuthController))
#10 /Applications/XAMPP/xamppfiles/htdocs/II3160-TST-K2-Kel10/system/CodeIgniter.php(355): CodeIgniter\CodeIgniter->handleRequest(NULL, Object(Config\Cache), false)
#11 /Applications/XAMPP/xamppfiles/htdocs/II3160-TST-K2-Kel10/system/Boot.php(334): CodeIgniter\CodeIgniter->run()
#12 /Applications/XAMPP/xamppfiles/htdocs/II3160-TST-K2-Kel10/system/Boot.php(67): CodeIgniter\Boot::runCodeIgniter(Object(CodeIgniter\CodeIgniter))
#13 /Applications/XAMPP/xamppfiles/htdocs/II3160-TST-K2-Kel10/public/index.php(56): CodeIgniter\Boot::bootWeb(Object(Config\Paths))
#14 /Applications/XAMPP/xamppfiles/htdocs/II3160-TST-K2-Kel10/system/rewrite.php(44): require_once('/Applications/X...')
#15 {main}

Next CodeIgniter\Database\Exceptions\DatabaseException: No such file or directory in /Applications/XAMPP/xamppfiles/htdocs/II3160-TST-K2-Kel10/system/Database/MySQLi/Connection.php:231
Stack trace:
#0 /Applications/XAMPP/xamppfiles/htdocs/II3160-TST-K2-Kel10/system/Database/BaseConnection.php(421): CodeIgniter\Database\MySQLi\Connection->connect(false)
#1 /Applications/XAMPP/xamppfiles/htdocs/II3160-TST-K2-Kel10/system/Database/BaseConnection.php(616): CodeIgniter\Database\BaseConnection->initialize()
#2 /Applications/XAMPP/xamppfiles/htdocs/II3160-TST-K2-Kel10/system/Database/BaseBuilder.php(1644): CodeIgniter\Database\BaseConnection->query('SELECT *\nFROM `...', Array, false)
#3 /Applications/XAMPP/xamppfiles/htdocs/II3160-TST-K2-Kel10/system/Model.php(330): CodeIgniter\Database\BaseBuilder->get()
#4 /Applications/XAMPP/xamppfiles/htdocs/II3160-TST-K2-Kel10/system/BaseModel.php(713): CodeIgniter\Model->doFirst()
#5 /Applications/XAMPP/xamppfiles/htdocs/II3160-TST-K2-Kel10/app/Models/UserModel.php(18): CodeIgniter\BaseModel->first()
#6 /Applications/XAMPP/xamppfiles/htdocs/II3160-TST-K2-Kel10/app/Controllers/AuthController.php(17): App\Models\UserModel->validateUser('farah@example.c...', '482c811da5d5b4b...')
#7 /Applications/XAMPP/xamppfiles/htdocs/II3160-TST-K2-Kel10/system/CodeIgniter.php(933): App\Controllers\AuthController->login()
#8 /Applications/XAMPP/xamppfiles/htdocs/II3160-TST-K2-Kel10/system/CodeIgniter.php(509): CodeIgniter\CodeIgniter->runController(Object(App\Controllers\AuthController))
#9 /Applications/XAMPP/xamppfiles/htdocs/II3160-TST-K2-Kel10/system/CodeIgniter.php(355): CodeIgniter\CodeIgniter->handleRequest(NULL, Object(Config\Cache), false)
#10 /Applications/XAMPP/xamppfiles/htdocs/II3160-TST-K2-Kel10/system/Boot.php(334): CodeIgniter\CodeIgniter->run()
#11 /Applications/XAMPP/xamppfiles/htdocs/II3160-TST-K2-Kel10/system/Boot.php(67): CodeIgniter\Boot::runCodeIgniter(Object(CodeIgniter\CodeIgniter))
#12 /Applications/XAMPP/xamppfiles/htdocs/II3160-TST-K2-Kel10/public/index.php(56): CodeIgniter\Boot::bootWeb(Object(Config\Paths))
#13 /Applications/XAMPP/xamppfiles/htdocs/II3160-TST-K2-Kel10/system/rewrite.php(44): require_once('/Applications/X...')
#14 {main}
CRITICAL - 2025-01-05 19:10:00 --> CodeIgniter\Database\Exceptions\DatabaseException: Unable to connect to the database.
Main connection [MySQLi]: No such file or directory
[Method: POST, Route: login]
in SYSTEMPATH/Database/BaseConnection.php on line 467.
 1 SYSTEMPATH/Database/BaseConnection.php(616): CodeIgniter\Database\BaseConnection->initialize()
 2 SYSTEMPATH/Database/BaseBuilder.php(1644): CodeIgniter\Database\BaseConnection->query('SELECT *
FROM `users`
WHERE `email` = :email:
AND `password` = :password:
 LIMIT 1', [...], false)
 3 SYSTEMPATH/Model.php(330): CodeIgniter\Database\BaseBuilder->get()
 4 SYSTEMPATH/BaseModel.php(713): CodeIgniter\Model->doFirst()
 5 APPPATH/Models/UserModel.php(18): CodeIgniter\BaseModel->first()
 6 APPPATH/Controllers/AuthController.php(17): App\Models\UserModel->validateUser('farah@example.com', '482c811da5d5b4bc6d497ffa98491e38')
 7 SYSTEMPATH/CodeIgniter.php(933): App\Controllers\AuthController->login()
 8 SYSTEMPATH/CodeIgniter.php(509): CodeIgniter\CodeIgniter->runController(Object(App\Controllers\AuthController))
 9 SYSTEMPATH/CodeIgniter.php(355): CodeIgniter\CodeIgniter->handleRequest(null, Object(Config\Cache), false)
10 SYSTEMPATH/Boot.php(334): CodeIgniter\CodeIgniter->run()
11 SYSTEMPATH/Boot.php(67): CodeIgniter\Boot::runCodeIgniter(Object(CodeIgniter\CodeIgniter))
12 FCPATH/index.php(56): CodeIgniter\Boot::bootWeb(Object(Config\Paths))
13 SYSTEMPATH/rewrite.php(44): require_once('/Applications/XAMPP/xamppfiles/htdocs/II3160-TST-K2-Kel10/public/index.php')
ERROR - 2025-01-05 19:11:36 --> Error connecting to the database: mysqli_sql_exception: No such file or directory in /Applications/XAMPP/xamppfiles/htdocs/II3160-TST-K2-Kel10/system/Database/MySQLi/Connection.php:186
Stack trace:
#0 /Applications/XAMPP/xamppfiles/htdocs/II3160-TST-K2-Kel10/system/Database/MySQLi/Connection.php(186): mysqli->real_connect('localhost', 'root', Object(SensitiveParameterValue), 'online_medicine', 3306, '', 0)
#1 /Applications/XAMPP/xamppfiles/htdocs/II3160-TST-K2-Kel10/system/Database/BaseConnection.php(421): CodeIgniter\Database\MySQLi\Connection->connect(false)
#2 /Applications/XAMPP/xamppfiles/htdocs/II3160-TST-K2-Kel10/system/Database/BaseConnection.php(616): CodeIgniter\Database\BaseConnection->initialize()
#3 /Applications/XAMPP/xamppfiles/htdocs/II3160-TST-K2-Kel10/system/Database/BaseBuilder.php(1644): CodeIgniter\Database\BaseConnection->query('SELECT *\nFROM `...', Array, false)
#4 /Applications/XAMPP/xamppfiles/htdocs/II3160-TST-K2-Kel10/system/Model.php(330): CodeIgniter\Database\BaseBuilder->get()
#5 /Applications/XAMPP/xamppfiles/htdocs/II3160-TST-K2-Kel10/system/BaseModel.php(713): CodeIgniter\Model->doFirst()
#6 /Applications/XAMPP/xamppfiles/htdocs/II3160-TST-K2-Kel10/app/Models/UserModel.php(18): CodeIgniter\BaseModel->first()
#7 /Applications/XAMPP/xamppfiles/htdocs/II3160-TST-K2-Kel10/app/Controllers/AuthController.php(17): App\Models\UserModel->validateUser('farah@example.c...', '482c811da5d5b4b...')
#8 /Applications/XAMPP/xamppfiles/htdocs/II3160-TST-K2-Kel10/system/CodeIgniter.php(933): App\Controllers\AuthController->login()
#9 /Applications/XAMPP/xamppfiles/htdocs/II3160-TST-K2-Kel10/system/CodeIgniter.php(509): CodeIgniter\CodeIgniter->runController(Object(App\Controllers\AuthController))
#10 /Applications/XAMPP/xamppfiles/htdocs/II3160-TST-K2-Kel10/system/CodeIgniter.php(355): CodeIgniter\CodeIgniter->handleRequest(NULL, Object(Config\Cache), false)
#11 /Applications/XAMPP/xamppfiles/htdocs/II3160-TST-K2-Kel10/system/Boot.php(334): CodeIgniter\CodeIgniter->run()
#12 /Applications/XAMPP/xamppfiles/htdocs/II3160-TST-K2-Kel10/system/Boot.php(67): CodeIgniter\Boot::runCodeIgniter(Object(CodeIgniter\CodeIgniter))
#13 /Applications/XAMPP/xamppfiles/htdocs/II3160-TST-K2-Kel10/public/index.php(56): CodeIgniter\Boot::bootWeb(Object(Config\Paths))
#14 /Applications/XAMPP/xamppfiles/htdocs/II3160-TST-K2-Kel10/system/rewrite.php(44): require_once('/Applications/X...')
#15 {main}

Next CodeIgniter\Database\Exceptions\DatabaseException: No such file or directory in /Applications/XAMPP/xamppfiles/htdocs/II3160-TST-K2-Kel10/system/Database/MySQLi/Connection.php:231
Stack trace:
#0 /Applications/XAMPP/xamppfiles/htdocs/II3160-TST-K2-Kel10/system/Database/BaseConnection.php(421): CodeIgniter\Database\MySQLi\Connection->connect(false)
#1 /Applications/XAMPP/xamppfiles/htdocs/II3160-TST-K2-Kel10/system/Database/BaseConnection.php(616): CodeIgniter\Database\BaseConnection->initialize()
#2 /Applications/XAMPP/xamppfiles/htdocs/II3160-TST-K2-Kel10/system/Database/BaseBuilder.php(1644): CodeIgniter\Database\BaseConnection->query('SELECT *\nFROM `...', Array, false)
#3 /Applications/XAMPP/xamppfiles/htdocs/II3160-TST-K2-Kel10/system/Model.php(330): CodeIgniter\Database\BaseBuilder->get()
#4 /Applications/XAMPP/xamppfiles/htdocs/II3160-TST-K2-Kel10/system/BaseModel.php(713): CodeIgniter\Model->doFirst()
#5 /Applications/XAMPP/xamppfiles/htdocs/II3160-TST-K2-Kel10/app/Models/UserModel.php(18): CodeIgniter\BaseModel->first()
#6 /Applications/XAMPP/xamppfiles/htdocs/II3160-TST-K2-Kel10/app/Controllers/AuthController.php(17): App\Models\UserModel->validateUser('farah@example.c...', '482c811da5d5b4b...')
#7 /Applications/XAMPP/xamppfiles/htdocs/II3160-TST-K2-Kel10/system/CodeIgniter.php(933): App\Controllers\AuthController->login()
#8 /Applications/XAMPP/xamppfiles/htdocs/II3160-TST-K2-Kel10/system/CodeIgniter.php(509): CodeIgniter\CodeIgniter->runController(Object(App\Controllers\AuthController))
#9 /Applications/XAMPP/xamppfiles/htdocs/II3160-TST-K2-Kel10/system/CodeIgniter.php(355): CodeIgniter\CodeIgniter->handleRequest(NULL, Object(Config\Cache), false)
#10 /Applications/XAMPP/xamppfiles/htdocs/II3160-TST-K2-Kel10/system/Boot.php(334): CodeIgniter\CodeIgniter->run()
#11 /Applications/XAMPP/xamppfiles/htdocs/II3160-TST-K2-Kel10/system/Boot.php(67): CodeIgniter\Boot::runCodeIgniter(Object(CodeIgniter\CodeIgniter))
#12 /Applications/XAMPP/xamppfiles/htdocs/II3160-TST-K2-Kel10/public/index.php(56): CodeIgniter\Boot::bootWeb(Object(Config\Paths))
#13 /Applications/XAMPP/xamppfiles/htdocs/II3160-TST-K2-Kel10/system/rewrite.php(44): require_once('/Applications/X...')
#14 {main}
CRITICAL - 2025-01-05 19:11:36 --> CodeIgniter\Database\Exceptions\DatabaseException: Unable to connect to the database.
Main connection [MySQLi]: No such file or directory
[Method: POST, Route: login]
in SYSTEMPATH/Database/BaseConnection.php on line 467.
 1 SYSTEMPATH/Database/BaseConnection.php(616): CodeIgniter\Database\BaseConnection->initialize()
 2 SYSTEMPATH/Database/BaseBuilder.php(1644): CodeIgniter\Database\BaseConnection->query('SELECT *
FROM `users`
WHERE `email` = :email:
AND `password` = :password:
 LIMIT 1', [...], false)
 3 SYSTEMPATH/Model.php(330): CodeIgniter\Database\BaseBuilder->get()
 4 SYSTEMPATH/BaseModel.php(713): CodeIgniter\Model->doFirst()
 5 APPPATH/Models/UserModel.php(18): CodeIgniter\BaseModel->first()
 6 APPPATH/Controllers/AuthController.php(17): App\Models\UserModel->validateUser('farah@example.com', '482c811da5d5b4bc6d497ffa98491e38')
 7 SYSTEMPATH/CodeIgniter.php(933): App\Controllers\AuthController->login()
 8 SYSTEMPATH/CodeIgniter.php(509): CodeIgniter\CodeIgniter->runController(Object(App\Controllers\AuthController))
 9 SYSTEMPATH/CodeIgniter.php(355): CodeIgniter\CodeIgniter->handleRequest(null, Object(Config\Cache), false)
10 SYSTEMPATH/Boot.php(334): CodeIgniter\CodeIgniter->run()
11 SYSTEMPATH/Boot.php(67): CodeIgniter\Boot::runCodeIgniter(Object(CodeIgniter\CodeIgniter))
12 FCPATH/index.php(56): CodeIgniter\Boot::bootWeb(Object(Config\Paths))
13 SYSTEMPATH/rewrite.php(44): require_once('/Applications/XAMPP/xamppfiles/htdocs/II3160-TST-K2-Kel10/public/index.php')
ERROR - 2025-01-05 19:11:37 --> Error connecting to the database: mysqli_sql_exception: No such file or directory in /Applications/XAMPP/xamppfiles/htdocs/II3160-TST-K2-Kel10/system/Database/MySQLi/Connection.php:186
Stack trace:
#0 /Applications/XAMPP/xamppfiles/htdocs/II3160-TST-K2-Kel10/system/Database/MySQLi/Connection.php(186): mysqli->real_connect('localhost', 'root', Object(SensitiveParameterValue), 'online_medicine', 3306, '', 0)
#1 /Applications/XAMPP/xamppfiles/htdocs/II3160-TST-K2-Kel10/system/Database/BaseConnection.php(421): CodeIgniter\Database\MySQLi\Connection->connect(false)
#2 /Applications/XAMPP/xamppfiles/htdocs/II3160-TST-K2-Kel10/system/Database/BaseConnection.php(616): CodeIgniter\Database\BaseConnection->initialize()
#3 /Applications/XAMPP/xamppfiles/htdocs/II3160-TST-K2-Kel10/system/Database/BaseBuilder.php(1644): CodeIgniter\Database\BaseConnection->query('SELECT *\nFROM `...', Array, false)
#4 /Applications/XAMPP/xamppfiles/htdocs/II3160-TST-K2-Kel10/system/Model.php(330): CodeIgniter\Database\BaseBuilder->get()
#5 /Applications/XAMPP/xamppfiles/htdocs/II3160-TST-K2-Kel10/system/BaseModel.php(713): CodeIgniter\Model->doFirst()
#6 /Applications/XAMPP/xamppfiles/htdocs/II3160-TST-K2-Kel10/app/Models/UserModel.php(18): CodeIgniter\BaseModel->first()
#7 /Applications/XAMPP/xamppfiles/htdocs/II3160-TST-K2-Kel10/app/Controllers/AuthController.php(17): App\Models\UserModel->validateUser('farah@example.c...', '482c811da5d5b4b...')
#8 /Applications/XAMPP/xamppfiles/htdocs/II3160-TST-K2-Kel10/system/CodeIgniter.php(933): App\Controllers\AuthController->login()
#9 /Applications/XAMPP/xamppfiles/htdocs/II3160-TST-K2-Kel10/system/CodeIgniter.php(509): CodeIgniter\CodeIgniter->runController(Object(App\Controllers\AuthController))
#10 /Applications/XAMPP/xamppfiles/htdocs/II3160-TST-K2-Kel10/system/CodeIgniter.php(355): CodeIgniter\CodeIgniter->handleRequest(NULL, Object(Config\Cache), false)
#11 /Applications/XAMPP/xamppfiles/htdocs/II3160-TST-K2-Kel10/system/Boot.php(334): CodeIgniter\CodeIgniter->run()
#12 /Applications/XAMPP/xamppfiles/htdocs/II3160-TST-K2-Kel10/system/Boot.php(67): CodeIgniter\Boot::runCodeIgniter(Object(CodeIgniter\CodeIgniter))
#13 /Applications/XAMPP/xamppfiles/htdocs/II3160-TST-K2-Kel10/public/index.php(56): CodeIgniter\Boot::bootWeb(Object(Config\Paths))
#14 /Applications/XAMPP/xamppfiles/htdocs/II3160-TST-K2-Kel10/system/rewrite.php(44): require_once('/Applications/X...')
#15 {main}

Next CodeIgniter\Database\Exceptions\DatabaseException: No such file or directory in /Applications/XAMPP/xamppfiles/htdocs/II3160-TST-K2-Kel10/system/Database/MySQLi/Connection.php:231
Stack trace:
#0 /Applications/XAMPP/xamppfiles/htdocs/II3160-TST-K2-Kel10/system/Database/BaseConnection.php(421): CodeIgniter\Database\MySQLi\Connection->connect(false)
#1 /Applications/XAMPP/xamppfiles/htdocs/II3160-TST-K2-Kel10/system/Database/BaseConnection.php(616): CodeIgniter\Database\BaseConnection->initialize()
#2 /Applications/XAMPP/xamppfiles/htdocs/II3160-TST-K2-Kel10/system/Database/BaseBuilder.php(1644): CodeIgniter\Database\BaseConnection->query('SELECT *\nFROM `...', Array, false)
#3 /Applications/XAMPP/xamppfiles/htdocs/II3160-TST-K2-Kel10/system/Model.php(330): CodeIgniter\Database\BaseBuilder->get()
#4 /Applications/XAMPP/xamppfiles/htdocs/II3160-TST-K2-Kel10/system/BaseModel.php(713): CodeIgniter\Model->doFirst()
#5 /Applications/XAMPP/xamppfiles/htdocs/II3160-TST-K2-Kel10/app/Models/UserModel.php(18): CodeIgniter\BaseModel->first()
#6 /Applications/XAMPP/xamppfiles/htdocs/II3160-TST-K2-Kel10/app/Controllers/AuthController.php(17): App\Models\UserModel->validateUser('farah@example.c...', '482c811da5d5b4b...')
#7 /Applications/XAMPP/xamppfiles/htdocs/II3160-TST-K2-Kel10/system/CodeIgniter.php(933): App\Controllers\AuthController->login()
#8 /Applications/XAMPP/xamppfiles/htdocs/II3160-TST-K2-Kel10/system/CodeIgniter.php(509): CodeIgniter\CodeIgniter->runController(Object(App\Controllers\AuthController))
#9 /Applications/XAMPP/xamppfiles/htdocs/II3160-TST-K2-Kel10/system/CodeIgniter.php(355): CodeIgniter\CodeIgniter->handleRequest(NULL, Object(Config\Cache), false)
#10 /Applications/XAMPP/xamppfiles/htdocs/II3160-TST-K2-Kel10/system/Boot.php(334): CodeIgniter\CodeIgniter->run()
#11 /Applications/XAMPP/xamppfiles/htdocs/II3160-TST-K2-Kel10/system/Boot.php(67): CodeIgniter\Boot::runCodeIgniter(Object(CodeIgniter\CodeIgniter))
#12 /Applications/XAMPP/xamppfiles/htdocs/II3160-TST-K2-Kel10/public/index.php(56): CodeIgniter\Boot::bootWeb(Object(Config\Paths))
#13 /Applications/XAMPP/xamppfiles/htdocs/II3160-TST-K2-Kel10/system/rewrite.php(44): require_once('/Applications/X...')
#14 {main}
CRITICAL - 2025-01-05 19:11:37 --> CodeIgniter\Database\Exceptions\DatabaseException: Unable to connect to the database.
Main connection [MySQLi]: No such file or directory
[Method: POST, Route: login]
in SYSTEMPATH/Database/BaseConnection.php on line 467.
 1 SYSTEMPATH/Database/BaseConnection.php(616): CodeIgniter\Database\BaseConnection->initialize()
 2 SYSTEMPATH/Database/BaseBuilder.php(1644): CodeIgniter\Database\BaseConnection->query('SELECT *
FROM `users`
WHERE `email` = :email:
AND `password` = :password:
 LIMIT 1', [...], false)
 3 SYSTEMPATH/Model.php(330): CodeIgniter\Database\BaseBuilder->get()
 4 SYSTEMPATH/BaseModel.php(713): CodeIgniter\Model->doFirst()
 5 APPPATH/Models/UserModel.php(18): CodeIgniter\BaseModel->first()
 6 APPPATH/Controllers/AuthController.php(17): App\Models\UserModel->validateUser('farah@example.com', '482c811da5d5b4bc6d497ffa98491e38')
 7 SYSTEMPATH/CodeIgniter.php(933): App\Controllers\AuthController->login()
 8 SYSTEMPATH/CodeIgniter.php(509): CodeIgniter\CodeIgniter->runController(Object(App\Controllers\AuthController))
 9 SYSTEMPATH/CodeIgniter.php(355): CodeIgniter\CodeIgniter->handleRequest(null, Object(Config\Cache), false)
10 SYSTEMPATH/Boot.php(334): CodeIgniter\CodeIgniter->run()
11 SYSTEMPATH/Boot.php(67): CodeIgniter\Boot::runCodeIgniter(Object(CodeIgniter\CodeIgniter))
12 FCPATH/index.php(56): CodeIgniter\Boot::bootWeb(Object(Config\Paths))
13 SYSTEMPATH/rewrite.php(44): require_once('/Applications/XAMPP/xamppfiles/htdocs/II3160-TST-K2-Kel10/public/index.php')
CRITICAL - 2025-01-05 19:11:41 --> Error: Class "App\Filters\Services" not found
[Method: GET, Route: api/orders]
in APPPATH/Filters/JwtFilter.php on line 26.
 1 SYSTEMPATH/Filters/Filters.php(203): App\Filters\JwtFilter->before(Object(CodeIgniter\HTTP\IncomingRequest), null)
 2 SYSTEMPATH/Filters/Filters.php(184): CodeIgniter\Filters\Filters->runBefore([...])
 3 SYSTEMPATH/CodeIgniter.php(481): CodeIgniter\Filters\Filters->run('api/orders', 'before')
 4 SYSTEMPATH/CodeIgniter.php(355): CodeIgniter\CodeIgniter->handleRequest(null, Object(Config\Cache), false)
 5 SYSTEMPATH/Boot.php(334): CodeIgniter\CodeIgniter->run()
 6 SYSTEMPATH/Boot.php(67): CodeIgniter\Boot::runCodeIgniter(Object(CodeIgniter\CodeIgniter))
 7 FCPATH/index.php(56): CodeIgniter\Boot::bootWeb(Object(Config\Paths))
 8 SYSTEMPATH/rewrite.php(44): require_once('/Applications/XAMPP/xamppfiles/htdocs/II3160-TST-K2-Kel10/public/index.php')
ERROR - 2025-01-05 19:13:33 --> Error connecting to the database: mysqli_sql_exception: No such file or directory in /Applications/XAMPP/xamppfiles/htdocs/II3160-TST-K2-Kel10/system/Database/MySQLi/Connection.php:186
Stack trace:
#0 /Applications/XAMPP/xamppfiles/htdocs/II3160-TST-K2-Kel10/system/Database/MySQLi/Connection.php(186): mysqli->real_connect('localhost', 'root', Object(SensitiveParameterValue), 'online_medicine', 3306, '', 0)
#1 /Applications/XAMPP/xamppfiles/htdocs/II3160-TST-K2-Kel10/system/Database/BaseConnection.php(421): CodeIgniter\Database\MySQLi\Connection->connect(false)
#2 /Applications/XAMPP/xamppfiles/htdocs/II3160-TST-K2-Kel10/system/Database/BaseConnection.php(616): CodeIgniter\Database\BaseConnection->initialize()
#3 /Applications/XAMPP/xamppfiles/htdocs/II3160-TST-K2-Kel10/system/Database/BaseBuilder.php(1644): CodeIgniter\Database\BaseConnection->query('SELECT *\nFROM `...', Array, false)
#4 /Applications/XAMPP/xamppfiles/htdocs/II3160-TST-K2-Kel10/system/Model.php(286): CodeIgniter\Database\BaseBuilder->get()
#5 /Applications/XAMPP/xamppfiles/htdocs/II3160-TST-K2-Kel10/system/BaseModel.php(675): CodeIgniter\Model->doFindAll(0, 0)
#6 /Applications/XAMPP/xamppfiles/htdocs/II3160-TST-K2-Kel10/app/Models/OrderModel.php(21): CodeIgniter\BaseModel->findAll()
#7 /Applications/XAMPP/xamppfiles/htdocs/II3160-TST-K2-Kel10/app/Controllers/OrderController.php(20): App\Models\OrderModel->getOrder()
#8 /Applications/XAMPP/xamppfiles/htdocs/II3160-TST-K2-Kel10/system/CodeIgniter.php(933): App\Controllers\OrderController->index()
#9 /Applications/XAMPP/xamppfiles/htdocs/II3160-TST-K2-Kel10/system/CodeIgniter.php(509): CodeIgniter\CodeIgniter->runController(Object(App\Controllers\OrderController))
#10 /Applications/XAMPP/xamppfiles/htdocs/II3160-TST-K2-Kel10/system/CodeIgniter.php(355): CodeIgniter\CodeIgniter->handleRequest(NULL, Object(Config\Cache), false)
#11 /Applications/XAMPP/xamppfiles/htdocs/II3160-TST-K2-Kel10/system/Boot.php(334): CodeIgniter\CodeIgniter->run()
#12 /Applications/XAMPP/xamppfiles/htdocs/II3160-TST-K2-Kel10/system/Boot.php(67): CodeIgniter\Boot::runCodeIgniter(Object(CodeIgniter\CodeIgniter))
#13 /Applications/XAMPP/xamppfiles/htdocs/II3160-TST-K2-Kel10/public/index.php(56): CodeIgniter\Boot::bootWeb(Object(Config\Paths))
#14 /Applications/XAMPP/xamppfiles/htdocs/II3160-TST-K2-Kel10/system/rewrite.php(44): require_once('/Applications/X...')
#15 {main}

Next CodeIgniter\Database\Exceptions\DatabaseException: No such file or directory in /Applications/XAMPP/xamppfiles/htdocs/II3160-TST-K2-Kel10/system/Database/MySQLi/Connection.php:231
Stack trace:
#0 /Applications/XAMPP/xamppfiles/htdocs/II3160-TST-K2-Kel10/system/Database/BaseConnection.php(421): CodeIgniter\Database\MySQLi\Connection->connect(false)
#1 /Applications/XAMPP/xamppfiles/htdocs/II3160-TST-K2-Kel10/system/Database/BaseConnection.php(616): CodeIgniter\Database\BaseConnection->initialize()
#2 /Applications/XAMPP/xamppfiles/htdocs/II3160-TST-K2-Kel10/system/Database/BaseBuilder.php(1644): CodeIgniter\Database\BaseConnection->query('SELECT *\nFROM `...', Array, false)
#3 /Applications/XAMPP/xamppfiles/htdocs/II3160-TST-K2-Kel10/system/Model.php(286): CodeIgniter\Database\BaseBuilder->get()
#4 /Applications/XAMPP/xamppfiles/htdocs/II3160-TST-K2-Kel10/system/BaseModel.php(675): CodeIgniter\Model->doFindAll(0, 0)
#5 /Applications/XAMPP/xamppfiles/htdocs/II3160-TST-K2-Kel10/app/Models/OrderModel.php(21): CodeIgniter\BaseModel->findAll()
#6 /Applications/XAMPP/xamppfiles/htdocs/II3160-TST-K2-Kel10/app/Controllers/OrderController.php(20): App\Models\OrderModel->getOrder()
#7 /Applications/XAMPP/xamppfiles/htdocs/II3160-TST-K2-Kel10/system/CodeIgniter.php(933): App\Controllers\OrderController->index()
#8 /Applications/XAMPP/xamppfiles/htdocs/II3160-TST-K2-Kel10/system/CodeIgniter.php(509): CodeIgniter\CodeIgniter->runController(Object(App\Controllers\OrderController))
#9 /Applications/XAMPP/xamppfiles/htdocs/II3160-TST-K2-Kel10/system/CodeIgniter.php(355): CodeIgniter\CodeIgniter->handleRequest(NULL, Object(Config\Cache), false)
#10 /Applications/XAMPP/xamppfiles/htdocs/II3160-TST-K2-Kel10/system/Boot.php(334): CodeIgniter\CodeIgniter->run()
#11 /Applications/XAMPP/xamppfiles/htdocs/II3160-TST-K2-Kel10/system/Boot.php(67): CodeIgniter\Boot::runCodeIgniter(Object(CodeIgniter\CodeIgniter))
#12 /Applications/XAMPP/xamppfiles/htdocs/II3160-TST-K2-Kel10/public/index.php(56): CodeIgniter\Boot::bootWeb(Object(Config\Paths))
#13 /Applications/XAMPP/xamppfiles/htdocs/II3160-TST-K2-Kel10/system/rewrite.php(44): require_once('/Applications/X...')
#14 {main}
CRITICAL - 2025-01-05 19:13:33 --> CodeIgniter\Database\Exceptions\DatabaseException: Unable to connect to the database.
Main connection [MySQLi]: No such file or directory
[Method: GET, Route: api/orders]
in SYSTEMPATH/Database/BaseConnection.php on line 467.
 1 SYSTEMPATH/Database/BaseConnection.php(616): CodeIgniter\Database\BaseConnection->initialize()
 2 SYSTEMPATH/Database/BaseBuilder.php(1644): CodeIgniter\Database\BaseConnection->query('SELECT *
FROM `orders`', [], false)
 3 SYSTEMPATH/Model.php(286): CodeIgniter\Database\BaseBuilder->get()
 4 SYSTEMPATH/BaseModel.php(675): CodeIgniter\Model->doFindAll(0, 0)
 5 APPPATH/Models/OrderModel.php(21): CodeIgniter\BaseModel->findAll()
 6 APPPATH/Controllers/OrderController.php(20): App\Models\OrderModel->getOrder()
 7 SYSTEMPATH/CodeIgniter.php(933): App\Controllers\OrderController->index()
 8 SYSTEMPATH/CodeIgniter.php(509): CodeIgniter\CodeIgniter->runController(Object(App\Controllers\OrderController))
 9 SYSTEMPATH/CodeIgniter.php(355): CodeIgniter\CodeIgniter->handleRequest(null, Object(Config\Cache), false)
10 SYSTEMPATH/Boot.php(334): CodeIgniter\CodeIgniter->run()
11 SYSTEMPATH/Boot.php(67): CodeIgniter\Boot::runCodeIgniter(Object(CodeIgniter\CodeIgniter))
12 FCPATH/index.php(56): CodeIgniter\Boot::bootWeb(Object(Config\Paths))
13 SYSTEMPATH/rewrite.php(44): require_once('/Applications/XAMPP/xamppfiles/htdocs/II3160-TST-K2-Kel10/public/index.php')
