CRITICAL - 2024-12-28 22:39:38 --> ErrorException: Declaration of CodeIgniter\I18n\TimeTrait::createFromTimestamp(int $timestamp, $timezone = null, ?string $locale = null) must be compatible with DateTimeImmutable::createFromTimestamp(int|float $timestamp): CodeIgniter\Autoloader\Autoloader
[Method: GET, Route: /]
in SYSTEMPATH/I18n/TimeTrait.php on line 268.
 1 [internal function]: CodeIgniter\Debug\Exceptions->shutdownHandler()
CRITICAL - 2024-12-28 22:39:39 --> ErrorException: Declaration of CodeIgniter\I18n\TimeTrait::createFromTimestamp(int $timestamp, $timezone = null, ?string $locale = null) must be compatible with DateTimeImmutable::createFromTimestamp(int|float $timestamp): static
[Method: GET, Route: /]
in SYSTEMPATH/I18n/TimeTrait.php on line 268.
 1 [internal function]: CodeIgniter\Debug\Exceptions->shutdownHandler()
CRITICAL - 2024-12-28 22:45:18 --> BadMethodCallException: Call to undefined method App\Models\UserModel::registerUser
[Method: POST, Route: register]
in SYSTEMPATH/Model.php on line 930.
 1 APPPATH/Controllers/AuthController.php(67): CodeIgniter\Model->__call('registerUser', [...])
 2 SYSTEMPATH/CodeIgniter.php(933): App\Controllers\AuthController->register()
 3 SYSTEMPATH/CodeIgniter.php(509): CodeIgniter\CodeIgniter->runController(Object(App\Controllers\AuthController))
 4 SYSTEMPATH/CodeIgniter.php(355): CodeIgniter\CodeIgniter->handleRequest(null, Object(Config\Cache), false)
 5 SYSTEMPATH/Boot.php(334): CodeIgniter\CodeIgniter->run()
 6 SYSTEMPATH/Boot.php(67): CodeIgniter\Boot::runCodeIgniter(Object(CodeIgniter\CodeIgniter))
 7 FCPATH/index.php(56): CodeIgniter\Boot::bootWeb(Object(Config\Paths))
 8 SYSTEMPATH/rewrite.php(44): require_once('/Applications/XAMPP/xamppfiles/htdocs/health-app/public/index.php')
CRITICAL - 2024-12-28 22:53:38 --> ErrorException: Undefined array key "password"
[Method: POST, Route: login]
in APPPATH/Controllers/AuthController.php on line 32.
 1 APPPATH/Controllers/AuthController.php(32): CodeIgniter\Debug\Exceptions->errorHandler(2, 'Undefined array key "password"', '/Applications/XAMPP/xamppfiles/htdocs/health-app/app/Controllers/AuthController.php', 32)
 2 SYSTEMPATH/CodeIgniter.php(933): App\Controllers\AuthController->login()
 3 SYSTEMPATH/CodeIgniter.php(509): CodeIgniter\CodeIgniter->runController(Object(App\Controllers\AuthController))
 4 SYSTEMPATH/CodeIgniter.php(355): CodeIgniter\CodeIgniter->handleRequest(null, Object(Config\Cache), false)
 5 SYSTEMPATH/Boot.php(334): CodeIgniter\CodeIgniter->run()
 6 SYSTEMPATH/Boot.php(67): CodeIgniter\Boot::runCodeIgniter(Object(CodeIgniter\CodeIgniter))
 7 FCPATH/index.php(56): CodeIgniter\Boot::bootWeb(Object(Config\Paths))
 8 SYSTEMPATH/rewrite.php(44): require_once('/Applications/XAMPP/xamppfiles/htdocs/health-app/public/index.php')
CRITICAL - 2024-12-28 22:54:19 --> ErrorException: Undefined array key "password"
[Method: POST, Route: login]
in APPPATH/Controllers/AuthController.php on line 32.
 1 APPPATH/Controllers/AuthController.php(32): CodeIgniter\Debug\Exceptions->errorHandler(2, 'Undefined array key "password"', '/Applications/XAMPP/xamppfiles/htdocs/health-app/app/Controllers/AuthController.php', 32)
 2 SYSTEMPATH/CodeIgniter.php(933): App\Controllers\AuthController->login()
 3 SYSTEMPATH/CodeIgniter.php(509): CodeIgniter\CodeIgniter->runController(Object(App\Controllers\AuthController))
 4 SYSTEMPATH/CodeIgniter.php(355): CodeIgniter\CodeIgniter->handleRequest(null, Object(Config\Cache), false)
 5 SYSTEMPATH/Boot.php(334): CodeIgniter\CodeIgniter->run()
 6 SYSTEMPATH/Boot.php(67): CodeIgniter\Boot::runCodeIgniter(Object(CodeIgniter\CodeIgniter))
 7 FCPATH/index.php(56): CodeIgniter\Boot::bootWeb(Object(Config\Paths))
 8 SYSTEMPATH/rewrite.php(44): require_once('/Applications/XAMPP/xamppfiles/htdocs/health-app/public/index.php')
CRITICAL - 2024-12-28 22:54:52 --> Error: Call to undefined method App\Controllers\AuthController::failBadRequest()
[Method: POST, Route: login]
in APPPATH/Controllers/AuthController.php on line 33.
 1 SYSTEMPATH/CodeIgniter.php(933): App\Controllers\AuthController->login()
 2 SYSTEMPATH/CodeIgniter.php(509): CodeIgniter\CodeIgniter->runController(Object(App\Controllers\AuthController))
 3 SYSTEMPATH/CodeIgniter.php(355): CodeIgniter\CodeIgniter->handleRequest(null, Object(Config\Cache), false)
 4 SYSTEMPATH/Boot.php(334): CodeIgniter\CodeIgniter->run()
 5 SYSTEMPATH/Boot.php(67): CodeIgniter\Boot::runCodeIgniter(Object(CodeIgniter\CodeIgniter))
 6 FCPATH/index.php(56): CodeIgniter\Boot::bootWeb(Object(Config\Paths))
 7 SYSTEMPATH/rewrite.php(44): require_once('/Applications/XAMPP/xamppfiles/htdocs/health-app/public/index.php')
